mode: set
github.com/innovative-io/io-dicom/codecs/jpegxl/codec.go:39.41,41.2 1 1
github.com/innovative-io/io-dicom/codecs/jpegxl/codec.go:43.66,45.2 1 0
github.com/innovative-io/io-dicom/codecs/jpegxl/codec.go:47.60,49.2 1 1
github.com/innovative-io/io-dicom/codecs/jpegxl/codec.go:51.110,55.2 3 1
github.com/innovative-io/io-dicom/codecs/jpegxl/codec.go:57.41,57.72 1 1
github.com/innovative-io/io-dicom/codecs/jpegxl/codec.go:59.13,62.2 2 1
github.com/innovative-io/io-dicom/codecs/jpegxl/codec.go:65.34,66.20 1 1
github.com/innovative-io/io-dicom/codecs/jpegxl/codec.go:66.20,69.3 2 1
github.com/innovative-io/io-dicom/codecs/jpegxl/codec.go:70.2,70.18 1 1
github.com/innovative-io/io-dicom/codecs/jpegxl/codec.go:74.27,74.55 1 1
github.com/innovative-io/io-dicom/codecs/jpegxl/codec.go:77.65,77.103 1 1
github.com/innovative-io/io-dicom/codecs/jpegxl/codec.go:80.36,80.60 1 1
github.com/innovative-io/io-dicom/codecs/jpegxl/codec.go:83.35,83.61 1 1
github.com/innovative-io/io-dicom/codecs/jpegxl/codec.go:86.41,86.70 1 0
github.com/innovative-io/io-dicom/codecs/jpegxl/codec.go:88.30,88.53 1 1
github.com/innovative-io/io-dicom/codecs/jpegxl/codec.go:90.45,94.2 3 0
github.com/innovative-io/io-dicom/codecs/jpegxl/codec.go:96.82,98.53 2 1
github.com/innovative-io/io-dicom/codecs/jpegxl/codec.go:98.53,100.3 1 0
github.com/innovative-io/io-dicom/codecs/jpegxl/codec.go:101.2,101.40 1 1
github.com/innovative-io/io-dicom/codecs/jpegxl/codec.go:104.147,106.53 2 1
github.com/innovative-io/io-dicom/codecs/jpegxl/codec.go:106.53,108.3 1 0
github.com/innovative-io/io-dicom/codecs/jpegxl/codec.go:109.2,109.69 1 1
github.com/innovative-io/io-dicom/codecs/jpegxl/codec.go:112.73,114.2 1 1
github.com/innovative-io/io-dicom/codecs/jpegxl/codec.go:116.101,117.36 1 1
github.com/innovative-io/io-dicom/codecs/jpegxl/codec.go:117.36,119.3 1 1
github.com/innovative-io/io-dicom/codecs/jpegxl/codec.go:120.2,120.78 1 1
github.com/innovative-io/io-dicom/codecs/jpegxl/codec.go:120.78,122.3 1 0
github.com/innovative-io/io-dicom/codecs/jpegxl/codec.go:123.2,123.62 1 1
github.com/innovative-io/io-dicom/codecs/jpegxl/codec.go:126.143,128.2 1 1
github.com/innovative-io/io-dicom/codecs/jpegxl/codec.go:130.171,131.38 1 1
github.com/innovative-io/io-dicom/codecs/jpegxl/codec.go:131.38,133.3 1 1
github.com/innovative-io/io-dicom/codecs/jpegxl/codec.go:134.2,134.41 1 1
github.com/innovative-io/io-dicom/codecs/jpegxl/codec.go:134.41,136.3 1 0
github.com/innovative-io/io-dicom/codecs/jpegxl/codec.go:138.2,139.16 2 1
github.com/innovative-io/io-dicom/codecs/jpegxl/codec.go:139.16,141.3 1 0
github.com/innovative-io/io-dicom/codecs/jpegxl/codec.go:142.2,144.12 3 1
github.com/innovative-io/io-dicom/codecs/jpegxl/native_backends_default.go:7.32,8.2 0 1
github.com/innovative-io/io-dicom/codecs/jpeg2000/codec.go:43.41,45.2 1 1
github.com/innovative-io/io-dicom/codecs/jpeg2000/codec.go:47.66,49.2 1 0
github.com/innovative-io/io-dicom/codecs/jpeg2000/codec.go:51.60,53.2 1 1
github.com/innovative-io/io-dicom/codecs/jpeg2000/codec.go:55.109,59.2 3 1
github.com/innovative-io/io-dicom/codecs/jpeg2000/codec.go:61.41,61.72 1 1
github.com/innovative-io/io-dicom/codecs/jpeg2000/codec.go:63.13,66.2 2 1
github.com/innovative-io/io-dicom/codecs/jpeg2000/codec.go:69.34,70.20 1 1
github.com/innovative-io/io-dicom/codecs/jpeg2000/codec.go:70.20,73.3 2 1
github.com/innovative-io/io-dicom/codecs/jpeg2000/codec.go:74.2,74.18 1 1
github.com/innovative-io/io-dicom/codecs/jpeg2000/codec.go:78.27,78.55 1 1
github.com/innovative-io/io-dicom/codecs/jpeg2000/codec.go:81.65,81.103 1 1
github.com/innovative-io/io-dicom/codecs/jpeg2000/codec.go:84.36,84.60 1 1
github.com/innovative-io/io-dicom/codecs/jpeg2000/codec.go:87.35,87.61 1 1
github.com/innovative-io/io-dicom/codecs/jpeg2000/codec.go:90.41,90.70 1 0
github.com/innovative-io/io-dicom/codecs/jpeg2000/codec.go:92.30,92.53 1 1
github.com/innovative-io/io-dicom/codecs/jpeg2000/codec.go:94.45,98.2 3 0
github.com/innovative-io/io-dicom/codecs/jpeg2000/codec.go:100.82,102.53 2 1
github.com/innovative-io/io-dicom/codecs/jpeg2000/codec.go:102.53,104.3 1 0
github.com/innovative-io/io-dicom/codecs/jpeg2000/codec.go:105.2,105.40 1 1
github.com/innovative-io/io-dicom/codecs/jpeg2000/codec.go:108.143,110.53 2 1
github.com/innovative-io/io-dicom/codecs/jpeg2000/codec.go:110.53,112.3 1 0
github.com/innovative-io/io-dicom/codecs/jpeg2000/codec.go:113.2,113.66 1 1
github.com/innovative-io/io-dicom/codecs/jpeg2000/codec.go:116.73,118.2 1 1
github.com/innovative-io/io-dicom/codecs/jpeg2000/codec.go:120.101,121.36 1 1
github.com/innovative-io/io-dicom/codecs/jpeg2000/codec.go:121.36,123.3 1 1
github.com/innovative-io/io-dicom/codecs/jpeg2000/codec.go:124.2,124.78 1 1
github.com/innovative-io/io-dicom/codecs/jpeg2000/codec.go:124.78,126.3 1 0
github.com/innovative-io/io-dicom/codecs/jpeg2000/codec.go:127.2,127.62 1 1
github.com/innovative-io/io-dicom/codecs/jpeg2000/codec.go:130.139,132.2 1 1
github.com/innovative-io/io-dicom/codecs/jpeg2000/codec.go:134.167,135.38 1 1
github.com/innovative-io/io-dicom/codecs/jpeg2000/codec.go:135.38,137.3 1 1
github.com/innovative-io/io-dicom/codecs/jpeg2000/codec.go:138.2,138.41 1 1
github.com/innovative-io/io-dicom/codecs/jpeg2000/codec.go:138.41,140.3 1 0
github.com/innovative-io/io-dicom/codecs/jpeg2000/codec.go:142.2,143.16 2 1
github.com/innovative-io/io-dicom/codecs/jpeg2000/codec.go:143.16,145.3 1 0
github.com/innovative-io/io-dicom/codecs/jpeg2000/codec.go:146.2,148.12 3 1
github.com/innovative-io/io-dicom/codecs/jpeg2000/native_backends_default.go:7.32,8.2 0 1
github.com/innovative-io/io-dicom/codecs/backends.go:19.13,30.32 3 1
github.com/innovative-io/io-dicom/codecs/backends.go:30.32,31.28 1 1
github.com/innovative-io/io-dicom/codecs/backends.go:31.28,33.4 1 1
github.com/innovative-io/io-dicom/codecs/backends.go:35.2,35.17 1 1
github.com/innovative-io/io-dicom/codecs/backends.go:51.43,52.20 1 1
github.com/innovative-io/io-dicom/codecs/backends.go:52.20,53.56 1 1
github.com/innovative-io/io-dicom/codecs/backends.go:53.56,55.4 1 0
github.com/innovative-io/io-dicom/codecs/backends.go:57.2,57.22 1 1
github.com/innovative-io/io-dicom/codecs/backends.go:57.22,58.60 1 1
github.com/innovative-io/io-dicom/codecs/backends.go:58.60,60.4 1 0
github.com/innovative-io/io-dicom/codecs/backends.go:62.2,62.24 1 1
github.com/innovative-io/io-dicom/codecs/backends.go:62.24,63.64 1 1
github.com/innovative-io/io-dicom/codecs/backends.go:63.64,65.4 1 1
github.com/innovative-io/io-dicom/codecs/backends.go:67.2,67.22 1 1
github.com/innovative-io/io-dicom/codecs/backends.go:67.22,68.60 1 1
github.com/innovative-io/io-dicom/codecs/backends.go:68.60,70.4 1 0
github.com/innovative-io/io-dicom/codecs/backends.go:72.2,72.20 1 1
github.com/innovative-io/io-dicom/codecs/backends.go:72.20,73.56 1 1
github.com/innovative-io/io-dicom/codecs/backends.go:73.56,75.4 1 0
github.com/innovative-io/io-dicom/codecs/backends.go:77.2,77.20 1 1
github.com/innovative-io/io-dicom/codecs/backends.go:77.20,78.56 1 1
github.com/innovative-io/io-dicom/codecs/backends.go:78.56,80.4 1 0
github.com/innovative-io/io-dicom/codecs/backends.go:82.2,82.25 1 1
github.com/innovative-io/io-dicom/codecs/backends.go:82.25,83.62 1 1
github.com/innovative-io/io-dicom/codecs/backends.go:83.62,85.4 1 0
github.com/innovative-io/io-dicom/codecs/backends.go:87.2,87.12 1 1
github.com/innovative-io/io-dicom/codecs/backends.go:91.46,101.2 1 1
github.com/innovative-io/io-dicom/codecs/backends.go:104.56,114.2 1 1
github.com/innovative-io/io-dicom/codecs/backends.go:118.37,129.2 2 1
github.com/innovative-io/io-dicom/codecs/backends.go:131.43,133.29 2 1
github.com/innovative-io/io-dicom/codecs/backends.go:133.29,134.28 1 1
github.com/innovative-io/io-dicom/codecs/backends.go:134.28,135.12 1 1
github.com/innovative-io/io-dicom/codecs/backends.go:137.3,137.19 1 0
github.com/innovative-io/io-dicom/codecs/backends.go:137.19,139.4 1 0
github.com/innovative-io/io-dicom/codecs/backends.go:140.3,140.16 1 0
github.com/innovative-io/io-dicom/codecs/backends.go:142.2,142.15 1 1
github.com/innovative-io/io-dicom/codecs/backends.go:147.32,149.41 2 1
github.com/innovative-io/io-dicom/codecs/backends.go:149.41,151.3 1 0
github.com/innovative-io/io-dicom/codecs/backends.go:152.2,152.34 1 1
github.com/innovative-io/io-dicom/codecs/backends.go:156.48,157.20 1 1
github.com/innovative-io/io-dicom/codecs/backends.go:157.20,158.61 1 1
github.com/innovative-io/io-dicom/codecs/backends.go:158.61,160.4 1 0
github.com/innovative-io/io-dicom/codecs/backends.go:162.2,162.22 1 1
github.com/innovative-io/io-dicom/codecs/backends.go:162.22,163.65 1 1
github.com/innovative-io/io-dicom/codecs/backends.go:163.65,165.4 1 0
github.com/innovative-io/io-dicom/codecs/backends.go:167.2,167.24 1 1
github.com/innovative-io/io-dicom/codecs/backends.go:167.24,168.69 1 1
github.com/innovative-io/io-dicom/codecs/backends.go:168.69,170.4 1 0
github.com/innovative-io/io-dicom/codecs/backends.go:172.2,172.22 1 1
github.com/innovative-io/io-dicom/codecs/backends.go:172.22,173.65 1 1
github.com/innovative-io/io-dicom/codecs/backends.go:173.65,175.4 1 0
github.com/innovative-io/io-dicom/codecs/backends.go:177.2,177.20 1 1
github.com/innovative-io/io-dicom/codecs/backends.go:177.20,178.61 1 1
github.com/innovative-io/io-dicom/codecs/backends.go:178.61,180.4 1 0
github.com/innovative-io/io-dicom/codecs/backends.go:182.2,182.20 1 1
github.com/innovative-io/io-dicom/codecs/backends.go:182.20,183.61 1 1
github.com/innovative-io/io-dicom/codecs/backends.go:183.61,185.4 1 0
github.com/innovative-io/io-dicom/codecs/backends.go:187.2,187.25 1 1
github.com/innovative-io/io-dicom/codecs/backends.go:187.25,188.67 1 1
github.com/innovative-io/io-dicom/codecs/backends.go:188.67,190.4 1 0
github.com/innovative-io/io-dicom/codecs/backends.go:192.2,192.12 1 1
github.com/innovative-io/io-dicom/codecs/backends.go:196.38,206.2 1 1
github.com/innovative-io/io-dicom/codecs/backends.go:210.54,213.2 2 1
github.com/innovative-io/io-dicom/codecs/jpeg/codec.go:61.41,63.2 1 0
github.com/innovative-io/io-dicom/codecs/jpeg/codec.go:65.66,67.2 1 0
github.com/innovative-io/io-dicom/codecs/jpeg/codec.go:69.62,71.2 1 1
github.com/innovative-io/io-dicom/codecs/jpeg/codec.go:73.101,77.2 3 1
github.com/innovative-io/io-dicom/codecs/jpeg/codec.go:79.62,81.2 1 1
github.com/innovative-io/io-dicom/codecs/jpeg/codec.go:83.101,87.2 3 1
github.com/innovative-io/io-dicom/codecs/jpeg/codec.go:94.33,94.64 1 0
github.com/innovative-io/io-dicom/codecs/jpeg/codec.go:98.13,101.2 2 1
github.com/innovative-io/io-dicom/codecs/jpeg/codec.go:103.29,108.32 4 1
github.com/innovative-io/io-dicom/codecs/jpeg/codec.go:108.32,110.3 1 1
github.com/innovative-io/io-dicom/codecs/jpeg/codec.go:111.2,112.20 2 0
github.com/innovative-io/io-dicom/codecs/jpeg/codec.go:112.20,114.3 1 0
github.com/innovative-io/io-dicom/codecs/jpeg/codec.go:115.2,116.20 2 0
github.com/innovative-io/io-dicom/codecs/jpeg/codec.go:116.20,118.3 1 0
github.com/innovative-io/io-dicom/codecs/jpeg/codec.go:119.2,120.25 2 0
github.com/innovative-io/io-dicom/codecs/jpeg/codec.go:123.42,125.37 2 1
github.com/innovative-io/io-dicom/codecs/jpeg/codec.go:125.37,126.28 1 1
github.com/innovative-io/io-dicom/codecs/jpeg/codec.go:126.28,127.12 1 1
github.com/innovative-io/io-dicom/codecs/jpeg/codec.go:129.3,129.42 1 0
github.com/innovative-io/io-dicom/codecs/jpeg/codec.go:131.2,131.27 1 1
github.com/innovative-io/io-dicom/codecs/jpeg/codec.go:131.27,133.3 1 1
github.com/innovative-io/io-dicom/codecs/jpeg/codec.go:134.2,134.23 1 0
github.com/innovative-io/io-dicom/codecs/jpeg/codec.go:139.34,142.20 3 1
github.com/innovative-io/io-dicom/codecs/jpeg/codec.go:142.20,146.3 3 1
github.com/innovative-io/io-dicom/codecs/jpeg/codec.go:147.2,148.30 2 1
github.com/innovative-io/io-dicom/codecs/jpeg/codec.go:152.27,156.2 3 1
github.com/innovative-io/io-dicom/codecs/jpeg/codec.go:159.65,160.16 1 1
github.com/innovative-io/io-dicom/codecs/jpeg/codec.go:160.16,162.3 1 0
github.com/innovative-io/io-dicom/codecs/jpeg/codec.go:163.2,163.20 1 1
github.com/innovative-io/io-dicom/codecs/jpeg/codec.go:163.20,165.3 1 0
github.com/innovative-io/io-dicom/codecs/jpeg/codec.go:167.2,169.49 3 1
github.com/innovative-io/io-dicom/codecs/jpeg/codec.go:169.49,171.3 1 0
github.com/innovative-io/io-dicom/codecs/jpeg/codec.go:172.2,173.12 2 1
github.com/innovative-io/io-dicom/codecs/jpeg/codec.go:177.36,181.13 4 1
github.com/innovative-io/io-dicom/codecs/jpeg/codec.go:181.13,183.3 1 0
github.com/innovative-io/io-dicom/codecs/jpeg/codec.go:184.2,185.20 2 1
github.com/innovative-io/io-dicom/codecs/jpeg/codec.go:185.20,187.3 1 0
github.com/innovative-io/io-dicom/codecs/jpeg/codec.go:188.2,190.12 3 1
github.com/innovative-io/io-dicom/codecs/jpeg/codec.go:194.35,198.37 4 1
github.com/innovative-io/io-dicom/codecs/jpeg/codec.go:198.37,200.3 1 1
github.com/innovative-io/io-dicom/codecs/jpeg/codec.go:201.2,202.14 2 1
github.com/innovative-io/io-dicom/codecs/jpeg/codec.go:205.41,207.25 2 0
github.com/innovative-io/io-dicom/codecs/jpeg/codec.go:207.25,210.50 3 0
github.com/innovative-io/io-dicom/codecs/jpeg/codec.go:210.50,212.4 1 0
github.com/innovative-io/io-dicom/codecs/jpeg/codec.go:213.3,213.13 1 0
github.com/innovative-io/io-dicom/codecs/jpeg/codec.go:215.2,217.13 3 0
github.com/innovative-io/io-dicom/codecs/jpeg/codec.go:217.13,219.3 1 0
github.com/innovative-io/io-dicom/codecs/jpeg/codec.go:220.2,221.20 2 0
github.com/innovative-io/io-dicom/codecs/jpeg/codec.go:221.20,223.3 1 0
github.com/innovative-io/io-dicom/codecs/jpeg/codec.go:224.2,224.49 1 0
github.com/innovative-io/io-dicom/codecs/jpeg/codec.go:224.49,226.3 1 0
github.com/innovative-io/io-dicom/codecs/jpeg/codec.go:227.2,227.12 1 0
github.com/innovative-io/io-dicom/codecs/jpeg/codec.go:230.30,234.2 3 1
github.com/innovative-io/io-dicom/codecs/jpeg/codec.go:236.45,240.2 3 0
github.com/innovative-io/io-dicom/codecs/jpeg/codec.go:242.84,244.53 2 1
github.com/innovative-io/io-dicom/codecs/jpeg/codec.go:244.53,246.3 1 0
github.com/innovative-io/io-dicom/codecs/jpeg/codec.go:247.2,247.42 1 1
github.com/innovative-io/io-dicom/codecs/jpeg/codec.go:250.130,252.53 2 1
github.com/innovative-io/io-dicom/codecs/jpeg/codec.go:252.53,254.3 1 0
github.com/innovative-io/io-dicom/codecs/jpeg/codec.go:255.2,255.60 1 1
github.com/innovative-io/io-dicom/codecs/jpeg/codec.go:258.84,260.53 2 1
github.com/innovative-io/io-dicom/codecs/jpeg/codec.go:260.53,262.3 1 0
github.com/innovative-io/io-dicom/codecs/jpeg/codec.go:263.2,263.42 1 1
github.com/innovative-io/io-dicom/codecs/jpeg/codec.go:266.130,268.53 2 1
github.com/innovative-io/io-dicom/codecs/jpeg/codec.go:268.53,270.3 1 0
github.com/innovative-io/io-dicom/codecs/jpeg/codec.go:271.2,271.60 1 1
github.com/innovative-io/io-dicom/codecs/jpeg/codec.go:274.122,275.78 1 1
github.com/innovative-io/io-dicom/codecs/jpeg/codec.go:275.78,277.3 1 1
github.com/innovative-io/io-dicom/codecs/jpeg/codec.go:278.2,278.48 1 1
github.com/innovative-io/io-dicom/codecs/jpeg/codec.go:278.48,280.3 1 0
github.com/innovative-io/io-dicom/codecs/jpeg/codec.go:281.2,281.74 1 1
github.com/innovative-io/io-dicom/codecs/jpeg/codec.go:281.74,283.3 1 0
github.com/innovative-io/io-dicom/codecs/jpeg/codec.go:285.2,289.16 4 1
github.com/innovative-io/io-dicom/codecs/jpeg/codec.go:289.16,291.3 1 0
github.com/innovative-io/io-dicom/codecs/jpeg/codec.go:293.2,296.28 3 1
github.com/innovative-io/io-dicom/codecs/jpeg/codec.go:296.28,297.26 1 1
github.com/innovative-io/io-dicom/codecs/jpeg/codec.go:297.26,298.27 1 1
github.com/innovative-io/io-dicom/codecs/jpeg/codec.go:298.27,301.5 2 1
github.com/innovative-io/io-dicom/codecs/jpeg/codec.go:303.3,303.13 1 1
github.com/innovative-io/io-dicom/codecs/jpeg/codec.go:306.2,306.29 1 1
github.com/innovative-io/io-dicom/codecs/jpeg/codec.go:306.29,308.3 1 0
github.com/innovative-io/io-dicom/codecs/jpeg/codec.go:310.2,311.25 2 1
github.com/innovative-io/io-dicom/codecs/jpeg/codec.go:311.25,312.26 1 1
github.com/innovative-io/io-dicom/codecs/jpeg/codec.go:312.26,318.4 5 1
github.com/innovative-io/io-dicom/codecs/jpeg/codec.go:320.2,320.12 1 1
github.com/innovative-io/io-dicom/codecs/jpeg/codec.go:324.96,326.2 1 1
github.com/innovative-io/io-dicom/codecs/jpeg/codec.go:329.126,331.22 2 1
github.com/innovative-io/io-dicom/codecs/jpeg/codec.go:331.22,333.3 1 0
github.com/innovative-io/io-dicom/codecs/jpeg/codec.go:335.2,336.17 2 1
github.com/innovative-io/io-dicom/codecs/jpeg/codec.go:337.9,339.30 2 1
github.com/innovative-io/io-dicom/codecs/jpeg/codec.go:339.30,341.4 1 0
github.com/innovative-io/io-dicom/codecs/jpeg/codec.go:342.3,344.13 3 1
github.com/innovative-io/io-dicom/codecs/jpeg/codec.go:345.9,347.30 2 1
github.com/innovative-io/io-dicom/codecs/jpeg/codec.go:347.30,349.4 1 0
github.com/innovative-io/io-dicom/codecs/jpeg/codec.go:350.3,353.26 4 1
github.com/innovative-io/io-dicom/codecs/jpeg/codec.go:353.26,354.27 1 1
github.com/innovative-io/io-dicom/codecs/jpeg/codec.go:354.27,361.5 6 1
github.com/innovative-io/io-dicom/codecs/jpeg/codec.go:363.3,363.13 1 1
github.com/innovative-io/io-dicom/codecs/jpeg/codec.go:364.10,365.31 1 0
github.com/innovative-io/io-dicom/codecs/jpeg/codec.go:368.2,369.15 2 1
github.com/innovative-io/io-dicom/codecs/jpeg/codec.go:369.15,371.3 1 1
github.com/innovative-io/io-dicom/codecs/jpeg/codec.go:373.2,374.80 2 1
github.com/innovative-io/io-dicom/codecs/jpeg/codec.go:374.80,376.3 1 0
github.com/innovative-io/io-dicom/codecs/jpeg/codec.go:377.2,379.12 3 1
github.com/innovative-io/io-dicom/codecs/jpeg/codec.go:382.97,384.2 1 1
github.com/innovative-io/io-dicom/codecs/jpeg/codec.go:386.125,387.38 1 1
github.com/innovative-io/io-dicom/codecs/jpeg/codec.go:387.38,389.3 1 1
github.com/innovative-io/io-dicom/codecs/jpeg/codec.go:390.2,390.42 1 1
github.com/innovative-io/io-dicom/codecs/jpeg/codec.go:390.42,392.3 1 0
github.com/innovative-io/io-dicom/codecs/jpeg/codec.go:393.2,393.74 1 1
github.com/innovative-io/io-dicom/codecs/jpeg/codec.go:393.74,395.3 1 0
github.com/innovative-io/io-dicom/codecs/jpeg/codec.go:396.2,396.79 1 1
github.com/innovative-io/io-dicom/codecs/jpeg/codec.go:399.128,401.2 1 1
github.com/innovative-io/io-dicom/codecs/jpeg/codec.go:403.156,404.38 1 1
github.com/innovative-io/io-dicom/codecs/jpeg/codec.go:404.38,406.3 1 1
github.com/innovative-io/io-dicom/codecs/jpeg/codec.go:407.2,407.41 1 1
github.com/innovative-io/io-dicom/codecs/jpeg/codec.go:407.41,409.3 1 0
github.com/innovative-io/io-dicom/codecs/jpeg/codec.go:410.2,411.16 2 1
github.com/innovative-io/io-dicom/codecs/jpeg/codec.go:411.16,413.3 1 0
github.com/innovative-io/io-dicom/codecs/jpeg/codec.go:414.2,416.12 3 1
github.com/innovative-io/io-dicom/codecs/jpeg/codec.go:419.97,421.2 1 1
github.com/innovative-io/io-dicom/codecs/jpeg/codec.go:423.125,424.38 1 1
github.com/innovative-io/io-dicom/codecs/jpeg/codec.go:424.38,426.3 1 0
github.com/innovative-io/io-dicom/codecs/jpeg/codec.go:427.2,427.42 1 1
github.com/innovative-io/io-dicom/codecs/jpeg/codec.go:427.42,429.3 1 1
github.com/innovative-io/io-dicom/codecs/jpeg/codec.go:430.2,430.74 1 1
github.com/innovative-io/io-dicom/codecs/jpeg/codec.go:430.74,432.3 1 0
github.com/innovative-io/io-dicom/codecs/jpeg/codec.go:433.2,433.79 1 1
github.com/innovative-io/io-dicom/codecs/jpeg/codec.go:436.128,438.2 1 1
github.com/innovative-io/io-dicom/codecs/jpeg/codec.go:440.156,441.38 1 1
github.com/innovative-io/io-dicom/codecs/jpeg/codec.go:441.38,443.3 1 1
github.com/innovative-io/io-dicom/codecs/jpeg/codec.go:444.2,444.41 1 1
github.com/innovative-io/io-dicom/codecs/jpeg/codec.go:444.41,446.3 1 0
github.com/innovative-io/io-dicom/codecs/jpeg/codec.go:447.2,448.16 2 1
github.com/innovative-io/io-dicom/codecs/jpeg/codec.go:448.16,450.3 1 0
github.com/innovative-io/io-dicom/codecs/jpeg/codec.go:451.2,453.12 3 1
github.com/innovative-io/io-dicom/codecs/jpeg/native_backends_default.go:7.32,8.2 0 1
github.com/innovative-io/io-dicom/codecs/jpegls/codec.go:38.41,40.2 1 1
github.com/innovative-io/io-dicom/codecs/jpegls/codec.go:42.66,44.2 1 0
github.com/innovative-io/io-dicom/codecs/jpegls/codec.go:46.60,48.2 1 1
github.com/innovative-io/io-dicom/codecs/jpegls/codec.go:50.110,54.2 3 1
github.com/innovative-io/io-dicom/codecs/jpegls/codec.go:56.41,56.72 1 1
github.com/innovative-io/io-dicom/codecs/jpegls/codec.go:58.13,61.2 2 1
github.com/innovative-io/io-dicom/codecs/jpegls/codec.go:64.34,65.20 1 1
github.com/innovative-io/io-dicom/codecs/jpegls/codec.go:65.20,68.3 2 1
github.com/innovative-io/io-dicom/codecs/jpegls/codec.go:69.2,69.18 1 1
github.com/innovative-io/io-dicom/codecs/jpegls/codec.go:73.27,73.55 1 1
github.com/innovative-io/io-dicom/codecs/jpegls/codec.go:76.65,76.103 1 1
github.com/innovative-io/io-dicom/codecs/jpegls/codec.go:79.36,79.60 1 1
github.com/innovative-io/io-dicom/codecs/jpegls/codec.go:82.35,82.61 1 1
github.com/innovative-io/io-dicom/codecs/jpegls/codec.go:85.41,85.70 1 0
github.com/innovative-io/io-dicom/codecs/jpegls/codec.go:87.30,87.53 1 1
github.com/innovative-io/io-dicom/codecs/jpegls/codec.go:89.45,93.2 3 0
github.com/innovative-io/io-dicom/codecs/jpegls/codec.go:95.82,97.53 2 1
github.com/innovative-io/io-dicom/codecs/jpegls/codec.go:97.53,99.3 1 0
github.com/innovative-io/io-dicom/codecs/jpegls/codec.go:100.2,100.40 1 1
github.com/innovative-io/io-dicom/codecs/jpegls/codec.go:103.151,105.53 2 1
github.com/innovative-io/io-dicom/codecs/jpegls/codec.go:105.53,107.3 1 0
github.com/innovative-io/io-dicom/codecs/jpegls/codec.go:108.2,108.73 1 1
github.com/innovative-io/io-dicom/codecs/jpegls/codec.go:111.73,113.2 1 1
github.com/innovative-io/io-dicom/codecs/jpegls/codec.go:115.101,116.36 1 1
github.com/innovative-io/io-dicom/codecs/jpegls/codec.go:116.36,118.3 1 1
github.com/innovative-io/io-dicom/codecs/jpegls/codec.go:119.2,119.78 1 1
github.com/innovative-io/io-dicom/codecs/jpegls/codec.go:119.78,121.3 1 0
github.com/innovative-io/io-dicom/codecs/jpegls/codec.go:122.2,122.62 1 1
github.com/innovative-io/io-dicom/codecs/jpegls/codec.go:125.147,127.2 1 1
github.com/innovative-io/io-dicom/codecs/jpegls/codec.go:129.175,130.38 1 1
github.com/innovative-io/io-dicom/codecs/jpegls/codec.go:130.38,132.3 1 1
github.com/innovative-io/io-dicom/codecs/jpegls/codec.go:133.2,133.41 1 1
github.com/innovative-io/io-dicom/codecs/jpegls/codec.go:133.41,135.3 1 0
github.com/innovative-io/io-dicom/codecs/jpegls/codec.go:137.2,138.16 2 1
github.com/innovative-io/io-dicom/codecs/jpegls/codec.go:138.16,140.3 1 0
github.com/innovative-io/io-dicom/codecs/jpegls/codec.go:141.2,143.12 3 1
github.com/innovative-io/io-dicom/codecs/jpegls/native_backends_default.go:7.32,8.2 0 1
github.com/innovative-io/io-dicom/codecs/internal/nativeenv/nativeenv.go:22.13,23.17 1 1
github.com/innovative-io/io-dicom/codecs/internal/nativeenv/nativeenv.go:23.17,25.19 2 1
github.com/innovative-io/io-dicom/codecs/internal/nativeenv/nativeenv.go:25.19,28.4 2 0
github.com/innovative-io/io-dicom/codecs/internal/nativeenv/nativeenv.go:30.3,34.24 5 1
github.com/innovative-io/io-dicom/codecs/internal/nativeenv/nativeenv.go:34.24,36.4 1 0
github.com/innovative-io/io-dicom/codecs/internal/nativeenv/nativeenv.go:37.3,37.30 1 1
github.com/innovative-io/io-dicom/codecs/internal/nativeenv/nativeenv.go:37.30,39.4 1 0
github.com/innovative-io/io-dicom/codecs/internal/nativeenv/nativeenv.go:40.3,40.39 1 1
github.com/innovative-io/io-dicom/codecs/internal/nativeenv/nativeenv.go:44.30,45.66 1 1
github.com/innovative-io/io-dicom/codecs/internal/nativeenv/nativeenv.go:45.66,47.3 1 1
github.com/innovative-io/io-dicom/codecs/internal/nativeenv/nativeenv.go:49.2,49.47 1 0
github.com/innovative-io/io-dicom/codecs/internal/nativeenv/nativeenv.go:49.47,51.19 2 0
github.com/innovative-io/io-dicom/codecs/internal/nativeenv/nativeenv.go:51.19,53.4 1 0
github.com/innovative-io/io-dicom/codecs/internal/nativeenv/nativeenv.go:56.2,56.40 1 0
github.com/innovative-io/io-dicom/codecs/internal/nativeenv/nativeenv.go:56.40,58.19 2 0
github.com/innovative-io/io-dicom/codecs/internal/nativeenv/nativeenv.go:58.19,60.4 1 0
github.com/innovative-io/io-dicom/codecs/internal/nativeenv/nativeenv.go:63.2,63.11 1 0
github.com/innovative-io/io-dicom/codecs/internal/nativeenv/nativeenv.go:66.34,68.16 2 1
github.com/innovative-io/io-dicom/codecs/internal/nativeenv/nativeenv.go:68.16,70.3 1 1
github.com/innovative-io/io-dicom/codecs/internal/nativeenv/nativeenv.go:71.2,71.21 1 1
github.com/innovative-io/io-dicom/codecs/internal/nativeenv/nativeenv.go:74.40,81.2 6 1
github.com/innovative-io/io-dicom/codecs/internal/nativeenv/nativeenv.go:83.82,84.29 1 1
github.com/innovative-io/io-dicom/codecs/internal/nativeenv/nativeenv.go:84.29,86.3 1 1
github.com/innovative-io/io-dicom/codecs/internal/nativeenv/nativeenv.go:87.2,88.30 2 1
github.com/innovative-io/io-dicom/codecs/internal/nativeenv/nativeenv.go:88.30,89.40 1 1
github.com/innovative-io/io-dicom/codecs/internal/nativeenv/nativeenv.go:89.40,90.12 1 1
github.com/innovative-io/io-dicom/codecs/internal/nativeenv/nativeenv.go:92.3,93.52 2 1
github.com/innovative-io/io-dicom/codecs/internal/nativeenv/nativeenv.go:93.52,94.21 1 1
github.com/innovative-io/io-dicom/codecs/internal/nativeenv/nativeenv.go:94.21,96.5 1 0
github.com/innovative-io/io-dicom/codecs/internal/nativeenv/nativeenv.go:98.3,99.13 2 1
github.com/innovative-io/io-dicom/codecs/internal/nativeenv/nativeenv.go:101.2,101.34 1 0
github.com/innovative-io/io-dicom/codecs/internal/nativeenv/nativeenv.go:104.25,107.2 2 0
github.com/innovative-io/io-dicom/codecs/internal/nativeenv/nativeenv.go:109.44,111.23 2 1
github.com/innovative-io/io-dicom/codecs/internal/nativeenv/nativeenv.go:111.23,113.100 2 1
github.com/innovative-io/io-dicom/codecs/internal/nativeenv/nativeenv.go:113.100,115.4 1 1
github.com/innovative-io/io-dicom/codecs/internal/nativeenv/nativeenv.go:117.2,117.28 1 1
github.com/innovative-io/io-dicom/codecs/internal/nativeenv/nativeenv.go:120.81,124.2 3 0
github.com/innovative-io/io-dicom/codecs/jpip/codec.go:38.41,40.2 1 1
github.com/innovative-io/io-dicom/codecs/jpip/codec.go:42.66,44.2 1 0
github.com/innovative-io/io-dicom/codecs/jpip/codec.go:46.70,48.2 1 1
github.com/innovative-io/io-dicom/codecs/jpip/codec.go:50.112,54.2 3 1
github.com/innovative-io/io-dicom/codecs/jpip/codec.go:56.41,56.72 1 1
github.com/innovative-io/io-dicom/codecs/jpip/codec.go:58.13,61.2 2 1
github.com/innovative-io/io-dicom/codecs/jpip/codec.go:64.34,65.20 1 1
github.com/innovative-io/io-dicom/codecs/jpip/codec.go:65.20,68.3 2 1
github.com/innovative-io/io-dicom/codecs/jpip/codec.go:69.2,69.18 1 1
github.com/innovative-io/io-dicom/codecs/jpip/codec.go:73.27,73.55 1 1
github.com/innovative-io/io-dicom/codecs/jpip/codec.go:76.65,76.103 1 1
github.com/innovative-io/io-dicom/codecs/jpip/codec.go:79.36,79.60 1 1
github.com/innovative-io/io-dicom/codecs/jpip/codec.go:82.35,82.61 1 1
github.com/innovative-io/io-dicom/codecs/jpip/codec.go:85.41,85.70 1 0
github.com/innovative-io/io-dicom/codecs/jpip/codec.go:87.30,87.53 1 1
github.com/innovative-io/io-dicom/codecs/jpip/codec.go:89.45,93.2 3 0
github.com/innovative-io/io-dicom/codecs/jpip/codec.go:95.108,97.53 2 1
github.com/innovative-io/io-dicom/codecs/jpip/codec.go:97.53,99.3 1 0
github.com/innovative-io/io-dicom/codecs/jpip/codec.go:100.2,100.59 1 1
github.com/innovative-io/io-dicom/codecs/jpip/codec.go:103.158,105.53 2 1
github.com/innovative-io/io-dicom/codecs/jpip/codec.go:105.53,107.3 1 0
github.com/innovative-io/io-dicom/codecs/jpip/codec.go:108.2,108.78 1 1
github.com/innovative-io/io-dicom/codecs/jpip/codec.go:111.42,112.13 1 1
github.com/innovative-io/io-dicom/codecs/jpip/codec.go:113.60,114.14 1 1
github.com/innovative-io/io-dicom/codecs/jpip/codec.go:115.10,116.15 1 1
github.com/innovative-io/io-dicom/codecs/jpip/codec.go:120.106,122.2 1 1
github.com/innovative-io/io-dicom/codecs/jpip/codec.go:124.134,125.44 1 1
github.com/innovative-io/io-dicom/codecs/jpip/codec.go:125.44,127.3 1 1
github.com/innovative-io/io-dicom/codecs/jpip/codec.go:128.2,128.42 1 1
github.com/innovative-io/io-dicom/codecs/jpip/codec.go:128.42,130.3 1 1
github.com/innovative-io/io-dicom/codecs/jpip/codec.go:131.2,131.81 1 1
github.com/innovative-io/io-dicom/codecs/jpip/codec.go:131.81,133.3 1 0
github.com/innovative-io/io-dicom/codecs/jpip/codec.go:134.2,134.87 1 1
github.com/innovative-io/io-dicom/codecs/jpip/codec.go:137.155,139.2 1 1
github.com/innovative-io/io-dicom/codecs/jpip/codec.go:141.183,142.44 1 1
github.com/innovative-io/io-dicom/codecs/jpip/codec.go:142.44,144.3 1 1
github.com/innovative-io/io-dicom/codecs/jpip/codec.go:145.2,145.38 1 1
github.com/innovative-io/io-dicom/codecs/jpip/codec.go:145.38,147.3 1 0
github.com/innovative-io/io-dicom/codecs/jpip/codec.go:148.2,148.41 1 1
github.com/innovative-io/io-dicom/codecs/jpip/codec.go:148.41,150.3 1 0
github.com/innovative-io/io-dicom/codecs/jpip/codec.go:152.2,153.16 2 1
github.com/innovative-io/io-dicom/codecs/jpip/codec.go:153.16,155.3 1 0
github.com/innovative-io/io-dicom/codecs/jpip/codec.go:156.2,158.12 3 1
github.com/innovative-io/io-dicom/codecs/jpip/native_backends_default.go:7.32,8.2 0 1
github.com/innovative-io/io-dicom/codecs/mpeg/codec.go:52.41,54.2 1 1
github.com/innovative-io/io-dicom/codecs/mpeg/codec.go:56.66,58.2 1 0
github.com/innovative-io/io-dicom/codecs/mpeg/codec.go:60.70,62.2 1 1
github.com/innovative-io/io-dicom/codecs/mpeg/codec.go:64.112,68.2 3 1
github.com/innovative-io/io-dicom/codecs/mpeg/codec.go:70.41,70.72 1 1
github.com/innovative-io/io-dicom/codecs/mpeg/codec.go:72.13,75.2 2 1
github.com/innovative-io/io-dicom/codecs/mpeg/codec.go:78.34,79.20 1 1
github.com/innovative-io/io-dicom/codecs/mpeg/codec.go:79.20,82.3 2 1
github.com/innovative-io/io-dicom/codecs/mpeg/codec.go:83.2,83.18 1 1
github.com/innovative-io/io-dicom/codecs/mpeg/codec.go:87.27,87.55 1 1
github.com/innovative-io/io-dicom/codecs/mpeg/codec.go:90.65,90.103 1 1
github.com/innovative-io/io-dicom/codecs/mpeg/codec.go:93.36,93.60 1 1
github.com/innovative-io/io-dicom/codecs/mpeg/codec.go:96.35,96.61 1 1
github.com/innovative-io/io-dicom/codecs/mpeg/codec.go:99.41,99.70 1 0
github.com/innovative-io/io-dicom/codecs/mpeg/codec.go:101.30,101.53 1 1
github.com/innovative-io/io-dicom/codecs/mpeg/codec.go:103.45,107.2 3 0
github.com/innovative-io/io-dicom/codecs/mpeg/codec.go:109.108,111.53 2 1
github.com/innovative-io/io-dicom/codecs/mpeg/codec.go:111.53,113.3 1 0
github.com/innovative-io/io-dicom/codecs/mpeg/codec.go:114.2,114.59 1 1
github.com/innovative-io/io-dicom/codecs/mpeg/codec.go:117.158,119.53 2 1
github.com/innovative-io/io-dicom/codecs/mpeg/codec.go:119.53,121.3 1 0
github.com/innovative-io/io-dicom/codecs/mpeg/codec.go:122.2,122.78 1 1
github.com/innovative-io/io-dicom/codecs/mpeg/codec.go:125.42,126.13 1 1
github.com/innovative-io/io-dicom/codecs/mpeg/codec.go:142.29,143.14 1 1
github.com/innovative-io/io-dicom/codecs/mpeg/codec.go:144.10,145.15 1 1
github.com/innovative-io/io-dicom/codecs/mpeg/codec.go:149.104,151.2 1 1
github.com/innovative-io/io-dicom/codecs/mpeg/codec.go:153.132,154.44 1 1
github.com/innovative-io/io-dicom/codecs/mpeg/codec.go:154.44,156.3 1 0
github.com/innovative-io/io-dicom/codecs/mpeg/codec.go:157.2,157.40 1 1
github.com/innovative-io/io-dicom/codecs/mpeg/codec.go:157.40,159.3 1 1
github.com/innovative-io/io-dicom/codecs/mpeg/codec.go:160.2,160.80 1 1
github.com/innovative-io/io-dicom/codecs/mpeg/codec.go:160.80,162.3 1 0
github.com/innovative-io/io-dicom/codecs/mpeg/codec.go:163.2,163.85 1 1
github.com/innovative-io/io-dicom/codecs/mpeg/codec.go:166.155,168.2 1 1
github.com/innovative-io/io-dicom/codecs/mpeg/codec.go:170.183,171.44 1 1
github.com/innovative-io/io-dicom/codecs/mpeg/codec.go:171.44,173.3 1 1
github.com/innovative-io/io-dicom/codecs/mpeg/codec.go:174.2,174.38 1 1
github.com/innovative-io/io-dicom/codecs/mpeg/codec.go:174.38,176.3 1 0
github.com/innovative-io/io-dicom/codecs/mpeg/codec.go:177.2,177.41 1 1
github.com/innovative-io/io-dicom/codecs/mpeg/codec.go:177.41,179.3 1 0
github.com/innovative-io/io-dicom/codecs/mpeg/codec.go:181.2,182.16 2 1
github.com/innovative-io/io-dicom/codecs/mpeg/codec.go:182.16,184.3 1 0
github.com/innovative-io/io-dicom/codecs/mpeg/codec.go:185.2,187.12 3 1
github.com/innovative-io/io-dicom/codecs/mpeg/native_backends_default.go:7.32,8.2 0 1
github.com/innovative-io/io-dicom/codecs/smpte2110/codec.go:39.41,41.2 1 1
github.com/innovative-io/io-dicom/codecs/smpte2110/codec.go:43.66,45.2 1 0
github.com/innovative-io/io-dicom/codecs/smpte2110/codec.go:47.70,49.2 1 1
github.com/innovative-io/io-dicom/codecs/smpte2110/codec.go:51.112,55.2 3 1
github.com/innovative-io/io-dicom/codecs/smpte2110/codec.go:57.41,57.72 1 1
github.com/innovative-io/io-dicom/codecs/smpte2110/codec.go:59.13,62.2 2 1
github.com/innovative-io/io-dicom/codecs/smpte2110/codec.go:65.34,66.20 1 1
github.com/innovative-io/io-dicom/codecs/smpte2110/codec.go:66.20,69.3 2 1
github.com/innovative-io/io-dicom/codecs/smpte2110/codec.go:70.2,70.18 1 1
github.com/innovative-io/io-dicom/codecs/smpte2110/codec.go:74.27,74.55 1 1
github.com/innovative-io/io-dicom/codecs/smpte2110/codec.go:77.65,77.103 1 1
github.com/innovative-io/io-dicom/codecs/smpte2110/codec.go:80.36,80.60 1 1
github.com/innovative-io/io-dicom/codecs/smpte2110/codec.go:83.35,83.61 1 1
github.com/innovative-io/io-dicom/codecs/smpte2110/codec.go:86.41,86.70 1 0
github.com/innovative-io/io-dicom/codecs/smpte2110/codec.go:88.30,88.53 1 1
github.com/innovative-io/io-dicom/codecs/smpte2110/codec.go:90.45,94.2 3 0
github.com/innovative-io/io-dicom/codecs/smpte2110/codec.go:96.108,98.53 2 1
github.com/innovative-io/io-dicom/codecs/smpte2110/codec.go:98.53,100.3 1 0
github.com/innovative-io/io-dicom/codecs/smpte2110/codec.go:101.2,101.59 1 1
github.com/innovative-io/io-dicom/codecs/smpte2110/codec.go:104.158,106.53 2 1
github.com/innovative-io/io-dicom/codecs/smpte2110/codec.go:106.53,108.3 1 0
github.com/innovative-io/io-dicom/codecs/smpte2110/codec.go:109.2,109.78 1 1
github.com/innovative-io/io-dicom/codecs/smpte2110/codec.go:112.43,113.13 1 1
github.com/innovative-io/io-dicom/codecs/smpte2110/codec.go:114.81,115.14 1 1
github.com/innovative-io/io-dicom/codecs/smpte2110/codec.go:116.10,117.15 1 1
github.com/innovative-io/io-dicom/codecs/smpte2110/codec.go:121.111,123.2 1 1
github.com/innovative-io/io-dicom/codecs/smpte2110/codec.go:125.139,126.45 1 1
github.com/innovative-io/io-dicom/codecs/smpte2110/codec.go:126.45,128.3 1 1
github.com/innovative-io/io-dicom/codecs/smpte2110/codec.go:129.2,129.42 1 1
github.com/innovative-io/io-dicom/codecs/smpte2110/codec.go:129.42,131.3 1 1
github.com/innovative-io/io-dicom/codecs/smpte2110/codec.go:132.2,132.81 1 1
github.com/innovative-io/io-dicom/codecs/smpte2110/codec.go:132.81,134.3 1 0
github.com/innovative-io/io-dicom/codecs/smpte2110/codec.go:135.2,135.87 1 1
github.com/innovative-io/io-dicom/codecs/smpte2110/codec.go:138.160,140.2 1 1
github.com/innovative-io/io-dicom/codecs/smpte2110/codec.go:142.188,143.45 1 1
github.com/innovative-io/io-dicom/codecs/smpte2110/codec.go:143.45,145.3 1 1
github.com/innovative-io/io-dicom/codecs/smpte2110/codec.go:146.2,146.38 1 1
github.com/innovative-io/io-dicom/codecs/smpte2110/codec.go:146.38,148.3 1 0
github.com/innovative-io/io-dicom/codecs/smpte2110/codec.go:149.2,149.41 1 1
github.com/innovative-io/io-dicom/codecs/smpte2110/codec.go:149.41,151.3 1 0
github.com/innovative-io/io-dicom/codecs/smpte2110/codec.go:153.2,154.16 2 1
github.com/innovative-io/io-dicom/codecs/smpte2110/codec.go:154.16,156.3 1 0
github.com/innovative-io/io-dicom/codecs/smpte2110/codec.go:157.2,159.12 3 1
github.com/innovative-io/io-dicom/codecs/smpte2110/native_backends_default.go:7.32,8.2 0 1
github.com/innovative-io/io-dicom/dictionary/codingscheme/uids.go:10.57,11.35 1 1
github.com/innovative-io/io-dicom/dictionary/codingscheme/uids.go:11.35,12.22 1 1
github.com/innovative-io/io-dicom/dictionary/codingscheme/uids.go:12.22,14.4 1 1
github.com/innovative-io/io-dicom/dictionary/codingscheme/uids.go:16.2,16.12 1 1
github.com/innovative-io/io-dicom/dictionary/codingscheme/uids.go:19.55,20.35 1 1
github.com/innovative-io/io-dicom/dictionary/codingscheme/uids.go:20.35,21.20 1 1
github.com/innovative-io/io-dicom/dictionary/codingscheme/uids.go:21.20,23.4 1 1
github.com/innovative-io/io-dicom/dictionary/codingscheme/uids.go:25.2,25.12 1 1
github.com/innovative-io/io-dicom/cmd/compare/main.go:16.13,26.49 6 0
github.com/innovative-io/io-dicom/cmd/compare/main.go:26.49,28.3 1 0
github.com/innovative-io/io-dicom/cmd/compare/main.go:29.2,30.16 2 0
github.com/innovative-io/io-dicom/cmd/compare/main.go:30.16,32.3 1 0
github.com/innovative-io/io-dicom/cmd/compare/main.go:33.2,37.16 4 0
github.com/innovative-io/io-dicom/cmd/compare/main.go:37.16,39.3 1 0
github.com/innovative-io/io-dicom/cmd/compare/main.go:40.2,43.33 3 0
github.com/innovative-io/io-dicom/cmd/compare/main.go:43.33,45.3 1 0
github.com/innovative-io/io-dicom/cmd/compare/main.go:49.76,51.2 1 0
github.com/innovative-io/io-dicom/cmd/compare/main.go:55.91,61.43 4 0
github.com/innovative-io/io-dicom/cmd/compare/main.go:61.43,62.20 1 0
github.com/innovative-io/io-dicom/cmd/compare/main.go:62.20,63.12 1 0
github.com/innovative-io/io-dicom/cmd/compare/main.go:65.3,66.20 2 0
github.com/innovative-io/io-dicom/cmd/compare/main.go:69.2,69.38 1 0
github.com/innovative-io/io-dicom/cmd/compare/main.go:69.38,70.20 1 0
github.com/innovative-io/io-dicom/cmd/compare/main.go:70.20,73.17 3 0
github.com/innovative-io/io-dicom/cmd/compare/main.go:73.17,76.13 3 0
github.com/innovative-io/io-dicom/cmd/compare/main.go:78.4,79.40 2 0
github.com/innovative-io/io-dicom/cmd/compare/main.go:79.40,81.5 1 0
github.com/innovative-io/io-dicom/cmd/compare/main.go:82.4,82.12 1 0
github.com/innovative-io/io-dicom/cmd/compare/main.go:84.3,86.13 3 0
github.com/innovative-io/io-dicom/cmd/compare/main.go:86.13,89.12 3 0
github.com/innovative-io/io-dicom/cmd/compare/main.go:91.3,91.43 1 0
github.com/innovative-io/io-dicom/cmd/compare/main.go:91.43,93.48 2 0
github.com/innovative-io/io-dicom/cmd/compare/main.go:93.48,95.5 1 0
github.com/innovative-io/io-dicom/cmd/compare/main.go:95.10,96.18 1 0
github.com/innovative-io/io-dicom/cmd/compare/main.go:97.15,98.48 1 0
github.com/innovative-io/io-dicom/cmd/compare/main.go:98.48,100.7 1 0
github.com/innovative-io/io-dicom/cmd/compare/main.go:100.12,102.7 1 0
github.com/innovative-io/io-dicom/cmd/compare/main.go:103.13,104.139 1 0
github.com/innovative-io/io-dicom/cmd/compare/main.go:109.2,109.16 1 0
github.com/innovative-io/io-dicom/clients/httpclient/http.go:53.56,57.2 1 0
github.com/innovative-io/io-dicom/clients/httpclient/http.go:60.81,69.16 4 0
github.com/innovative-io/io-dicom/clients/httpclient/http.go:69.16,71.3 1 0
github.com/innovative-io/io-dicom/clients/httpclient/http.go:73.2,75.16 3 0
github.com/innovative-io/io-dicom/clients/httpclient/http.go:75.16,77.3 1 0
github.com/innovative-io/io-dicom/clients/httpclient/http.go:79.2,79.19 1 0
github.com/innovative-io/io-dicom/clients/httpclient/http.go:83.47,85.16 2 0
github.com/innovative-io/io-dicom/clients/httpclient/http.go:85.16,87.3 1 0
github.com/innovative-io/io-dicom/clients/httpclient/http.go:89.2,89.31 1 0
github.com/innovative-io/io-dicom/clients/httpclient/http.go:93.44,95.16 2 0
github.com/innovative-io/io-dicom/clients/httpclient/http.go:95.16,97.3 1 0
github.com/innovative-io/io-dicom/clients/httpclient/http.go:99.2,99.31 1 0
github.com/innovative-io/io-dicom/clients/httpclient/http.go:103.60,105.16 2 0
github.com/innovative-io/io-dicom/clients/httpclient/http.go:105.16,107.3 1 0
github.com/innovative-io/io-dicom/clients/httpclient/http.go:108.2,108.31 1 0
github.com/innovative-io/io-dicom/clients/httpclient/http.go:112.59,114.16 2 0
github.com/innovative-io/io-dicom/clients/httpclient/http.go:114.16,116.3 1 0
github.com/innovative-io/io-dicom/clients/httpclient/http.go:117.2,117.31 1 0
github.com/innovative-io/io-dicom/clients/httpclient/http.go:121.102,123.2 1 0
github.com/innovative-io/io-dicom/clients/httpclient/http.go:126.102,130.16 4 0
github.com/innovative-io/io-dicom/clients/httpclient/http.go:130.16,132.3 1 0
github.com/innovative-io/io-dicom/clients/httpclient/http.go:134.2,135.16 2 0
github.com/innovative-io/io-dicom/clients/httpclient/http.go:135.16,137.3 1 0
github.com/innovative-io/io-dicom/clients/httpclient/http.go:139.2,142.16 3 0
github.com/innovative-io/io-dicom/clients/httpclient/http.go:142.16,144.3 1 0
github.com/innovative-io/io-dicom/clients/httpclient/http.go:146.2,149.16 3 0
github.com/innovative-io/io-dicom/clients/httpclient/http.go:149.16,151.3 1 0
github.com/innovative-io/io-dicom/clients/httpclient/http.go:152.2,152.31 1 0
github.com/innovative-io/io-dicom/clients/httpclient/http.go:156.129,164.16 7 0
github.com/innovative-io/io-dicom/clients/httpclient/http.go:164.16,166.3 1 0
github.com/innovative-io/io-dicom/clients/httpclient/http.go:168.2,169.16 2 0
github.com/innovative-io/io-dicom/clients/httpclient/http.go:169.16,171.3 1 0
github.com/innovative-io/io-dicom/clients/httpclient/http.go:173.2,176.16 3 0
github.com/innovative-io/io-dicom/clients/httpclient/http.go:176.16,178.3 1 0
github.com/innovative-io/io-dicom/clients/httpclient/http.go:180.2,183.16 3 0
github.com/innovative-io/io-dicom/clients/httpclient/http.go:183.16,185.3 1 0
github.com/innovative-io/io-dicom/clients/httpclient/http.go:186.2,186.31 1 0
github.com/innovative-io/io-dicom/clients/httpclient/http.go:190.58,192.16 2 0
github.com/innovative-io/io-dicom/clients/httpclient/http.go:192.16,194.3 1 0
github.com/innovative-io/io-dicom/clients/httpclient/http.go:195.2,195.31 1 0
github.com/innovative-io/io-dicom/clients/httpclient/http.go:198.58,199.32 1 0
github.com/innovative-io/io-dicom/clients/httpclient/http.go:199.32,201.3 1 0
github.com/innovative-io/io-dicom/clients/httpclient/http.go:202.2,202.46 1 0
github.com/innovative-io/io-dicom/clients/httpclient/http.go:202.46,204.3 1 0
github.com/innovative-io/io-dicom/clients/httpclient/http.go:205.2,205.31 1 0
github.com/innovative-io/io-dicom/clients/httpclient/http.go:205.31,207.3 1 0
github.com/innovative-io/io-dicom/clients/httpclient/http.go:208.2,208.40 1 0
github.com/innovative-io/io-dicom/clients/httpclient/http.go:208.40,210.3 1 0
github.com/innovative-io/io-dicom/clients/httpclient/http.go:211.2,211.40 1 0
github.com/innovative-io/io-dicom/clients/httpclient/http.go:211.40,213.3 1 0
github.com/innovative-io/io-dicom/clients/httpclient/http.go:214.2,214.37 1 0
github.com/innovative-io/io-dicom/clients/httpclient/http.go:214.37,216.3 1 0
github.com/innovative-io/io-dicom/clients/httpclient/http.go:217.2,217.39 1 0
github.com/innovative-io/io-dicom/clients/httpclient/http.go:217.39,219.3 1 0
github.com/innovative-io/io-dicom/clients/httpclient/http.go:220.2,220.43 1 0
github.com/innovative-io/io-dicom/clients/httpclient/http.go:220.43,222.3 1 0
github.com/innovative-io/io-dicom/clients/httpclient/http.go:223.2,223.66 1 0
github.com/innovative-io/io-dicom/clients/httpclient/http.go:223.66,225.3 1 0
github.com/innovative-io/io-dicom/clients/httpclient/http.go:227.2,228.43 2 0
github.com/innovative-io/io-dicom/clients/httpclient/http.go:228.43,230.3 1 0
github.com/innovative-io/io-dicom/clients/httpclient/http.go:231.2,231.35 1 0
github.com/innovative-io/io-dicom/clients/httpclient/http.go:231.35,233.3 1 0
github.com/innovative-io/io-dicom/clients/httpclient/http.go:234.2,234.35 1 0
github.com/innovative-io/io-dicom/clients/httpclient/http.go:237.73,244.26 4 0
github.com/innovative-io/io-dicom/clients/httpclient/http.go:244.26,246.17 2 0
github.com/innovative-io/io-dicom/clients/httpclient/http.go:246.17,248.4 1 0
github.com/innovative-io/io-dicom/clients/httpclient/http.go:249.3,257.4 2 0
github.com/innovative-io/io-dicom/clients/httpclient/http.go:258.8,267.3 2 0
github.com/innovative-io/io-dicom/clients/httpclient/http.go:269.2,270.16 2 0
github.com/innovative-io/io-dicom/clients/httpclient/http.go:270.16,272.3 1 0
github.com/innovative-io/io-dicom/clients/httpclient/http.go:273.2,275.61 2 0
github.com/innovative-io/io-dicom/clients/httpclient/http.go:275.61,277.17 2 0
github.com/innovative-io/io-dicom/clients/httpclient/http.go:277.17,279.4 1 0
github.com/innovative-io/io-dicom/clients/httpclient/http.go:280.3,280.105 1 0
github.com/innovative-io/io-dicom/clients/httpclient/http.go:283.2,284.16 2 0
github.com/innovative-io/io-dicom/clients/httpclient/http.go:284.16,286.3 1 0
github.com/innovative-io/io-dicom/clients/httpclient/http.go:288.2,288.18 1 0
github.com/innovative-io/io-dicom/database/sqlite.go:15.61,17.16 2 0
github.com/innovative-io/io-dicom/database/sqlite.go:17.16,19.3 1 0
github.com/innovative-io/io-dicom/database/sqlite.go:21.2,21.29 1 0
github.com/innovative-io/io-dicom/database/sqlite.go:24.66,26.2 1 0
github.com/innovative-io/io-dicom/database/sqlite.go:28.64,30.2 1 0
github.com/innovative-io/io-dicom/database/sqlite.go:32.65,34.2 1 0
github.com/innovative-io/io-dicom/database/sqlite.go:36.67,38.2 1 0
github.com/innovative-io/io-dicom/database/sqlite.go:40.64,42.2 1 0
github.com/innovative-io/io-dicom/codecs/internal/backendmgr/manager.go:37.60,47.2 3 0
github.com/innovative-io/io-dicom/codecs/internal/backendmgr/manager.go:50.68,51.16 1 0
github.com/innovative-io/io-dicom/codecs/internal/backendmgr/manager.go:51.16,53.3 1 0
github.com/innovative-io/io-dicom/codecs/internal/backendmgr/manager.go:54.2,54.20 1 0
github.com/innovative-io/io-dicom/codecs/internal/backendmgr/manager.go:54.20,56.3 1 0
github.com/innovative-io/io-dicom/codecs/internal/backendmgr/manager.go:57.2,59.44 3 0
github.com/innovative-io/io-dicom/codecs/internal/backendmgr/manager.go:59.44,61.3 1 0
github.com/innovative-io/io-dicom/codecs/internal/backendmgr/manager.go:62.2,63.12 2 0
github.com/innovative-io/io-dicom/codecs/internal/backendmgr/manager.go:67.45,71.13 4 0
github.com/innovative-io/io-dicom/codecs/internal/backendmgr/manager.go:71.13,73.3 1 0
github.com/innovative-io/io-dicom/codecs/internal/backendmgr/manager.go:74.2,75.25 2 0
github.com/innovative-io/io-dicom/codecs/internal/backendmgr/manager.go:75.25,77.3 1 0
github.com/innovative-io/io-dicom/codecs/internal/backendmgr/manager.go:78.2,80.12 3 0
github.com/innovative-io/io-dicom/codecs/internal/backendmgr/manager.go:85.37,90.2 4 0
github.com/innovative-io/io-dicom/codecs/internal/backendmgr/manager.go:93.30,98.2 4 0
github.com/innovative-io/io-dicom/codecs/internal/backendmgr/manager.go:101.33,105.2 3 0
github.com/innovative-io/io-dicom/codecs/internal/backendmgr/manager.go:108.43,112.2 3 0
github.com/innovative-io/io-dicom/codecs/internal/backendmgr/manager.go:115.43,119.32 4 0
github.com/innovative-io/io-dicom/codecs/internal/backendmgr/manager.go:119.32,121.3 1 0
github.com/innovative-io/io-dicom/codecs/internal/backendmgr/manager.go:122.2,123.14 2 0
github.com/innovative-io/io-dicom/codecs/internal/backendmgr/manager.go:127.50,129.27 2 0
github.com/innovative-io/io-dicom/codecs/internal/backendmgr/manager.go:129.27,132.55 3 0
github.com/innovative-io/io-dicom/codecs/internal/backendmgr/manager.go:132.55,134.4 1 0
github.com/innovative-io/io-dicom/codecs/internal/backendmgr/manager.go:135.3,135.13 1 0
github.com/innovative-io/io-dicom/codecs/internal/backendmgr/manager.go:137.2,139.13 3 0
github.com/innovative-io/io-dicom/codecs/internal/backendmgr/manager.go:139.13,141.3 1 0
github.com/innovative-io/io-dicom/codecs/internal/backendmgr/manager.go:142.2,143.25 2 0
github.com/innovative-io/io-dicom/codecs/internal/backendmgr/manager.go:143.25,145.3 1 0
github.com/innovative-io/io-dicom/codecs/internal/backendmgr/manager.go:146.2,146.54 1 0
github.com/innovative-io/io-dicom/codecs/internal/backendmgr/manager.go:146.54,148.3 1 0
github.com/innovative-io/io-dicom/codecs/internal/backendmgr/manager.go:149.2,149.12 1 0
github.com/innovative-io/io-dicom/codecs/internal/backendmgr/manager.go:154.38,158.36 4 0
github.com/innovative-io/io-dicom/codecs/internal/backendmgr/manager.go:158.36,160.3 1 0
github.com/innovative-io/io-dicom/codecs/internal/backendmgr/manager.go:161.2,162.20 2 0
github.com/innovative-io/io-dicom/codecs/internal/backendmgr/manager.go:162.20,164.3 1 0
github.com/innovative-io/io-dicom/codecs/internal/backendmgr/manager.go:165.2,166.25 2 0
github.com/innovative-io/io-dicom/codecs/internal/backendmgr/manager.go:166.25,168.3 1 0
github.com/innovative-io/io-dicom/codecs/internal/backendmgr/manager.go:169.2,170.27 2 0
github.com/innovative-io/io-dicom/codecs/internal/backendmgr/manager.go:173.47,175.32 2 0
github.com/innovative-io/io-dicom/codecs/internal/backendmgr/manager.go:175.32,176.32 1 0
github.com/innovative-io/io-dicom/codecs/internal/backendmgr/manager.go:176.32,177.12 1 0
github.com/innovative-io/io-dicom/codecs/internal/backendmgr/manager.go:179.3,179.42 1 0
github.com/innovative-io/io-dicom/codecs/internal/backendmgr/manager.go:181.2,181.27 1 0
github.com/innovative-io/io-dicom/codecs/internal/backendmgr/manager.go:181.27,183.3 1 0
github.com/innovative-io/io-dicom/codecs/internal/backendmgr/manager.go:184.2,184.23 1 0
github.com/innovative-io/io-dicom/tools/generate_transfer_syntax_support_matrix.go:11.13,13.16 2 0
github.com/innovative-io/io-dicom/tools/generate_transfer_syntax_support_matrix.go:13.16,16.3 2 0
github.com/innovative-io/io-dicom/tools/generate_transfer_syntax_support_matrix.go:18.2,34.27 3 0
github.com/innovative-io/io-dicom/tools/generate_transfer_syntax_support_matrix.go:34.27,35.76 1 0
github.com/innovative-io/io-dicom/tools/generate_transfer_syntax_support_matrix.go:35.76,38.4 2 0
github.com/innovative-io/io-dicom/tools/generate_transfer_syntax_support_matrix.go:39.3,39.37 1 0
github.com/innovative-io/io-dicom/cmd/utilities/main.go:39.13,46.2 6 0
github.com/innovative-io/io-dicom/cmd/utilities/main.go:49.30,51.16 2 0
github.com/innovative-io/io-dicom/cmd/utilities/main.go:51.16,53.3 1 0
github.com/innovative-io/io-dicom/cmd/utilities/main.go:54.2,54.6 1 0
github.com/innovative-io/io-dicom/cmd/utilities/main.go:54.6,55.66 1 0
github.com/innovative-io/io-dicom/cmd/utilities/main.go:55.66,57.4 1 0
github.com/innovative-io/io-dicom/cmd/utilities/main.go:58.3,59.20 2 0
github.com/innovative-io/io-dicom/cmd/utilities/main.go:59.20,61.4 1 0
github.com/innovative-io/io-dicom/cmd/utilities/main.go:62.3,62.15 1 0
github.com/innovative-io/io-dicom/cmd/utilities/main.go:66.68,72.16 4 0
github.com/innovative-io/io-dicom/cmd/utilities/main.go:72.16,74.3 1 0
github.com/innovative-io/io-dicom/cmd/utilities/main.go:76.2,78.16 3 0
github.com/innovative-io/io-dicom/cmd/utilities/main.go:78.16,80.3 1 0
github.com/innovative-io/io-dicom/cmd/utilities/main.go:81.2,81.29 1 0
github.com/innovative-io/io-dicom/cmd/utilities/main.go:84.67,86.16 2 0
github.com/innovative-io/io-dicom/cmd/utilities/main.go:86.16,88.3 1 0
github.com/innovative-io/io-dicom/cmd/utilities/main.go:89.2,97.27 6 0
github.com/innovative-io/io-dicom/cmd/utilities/main.go:97.27,98.34 1 0
github.com/innovative-io/io-dicom/cmd/utilities/main.go:98.34,99.12 1 0
github.com/innovative-io/io-dicom/cmd/utilities/main.go:101.3,110.18 10 0
github.com/innovative-io/io-dicom/cmd/utilities/main.go:113.2,114.35 2 0
github.com/innovative-io/io-dicom/cmd/utilities/main.go:114.35,116.3 1 0
github.com/innovative-io/io-dicom/cmd/utilities/main.go:117.2,119.34 2 0
github.com/innovative-io/io-dicom/cmd/utilities/main.go:119.34,121.3 1 0
github.com/innovative-io/io-dicom/cmd/utilities/main.go:124.59,126.16 2 0
github.com/innovative-io/io-dicom/cmd/utilities/main.go:126.16,128.3 1 0
github.com/innovative-io/io-dicom/cmd/utilities/main.go:129.2,137.27 6 0
github.com/innovative-io/io-dicom/cmd/utilities/main.go:137.27,138.77 1 0
github.com/innovative-io/io-dicom/cmd/utilities/main.go:138.77,139.12 1 0
github.com/innovative-io/io-dicom/cmd/utilities/main.go:141.3,153.18 13 0
github.com/innovative-io/io-dicom/cmd/utilities/main.go:156.2,157.32 2 0
github.com/innovative-io/io-dicom/cmd/utilities/main.go:157.32,159.3 1 0
github.com/innovative-io/io-dicom/cmd/utilities/main.go:160.2,162.34 2 0
github.com/innovative-io/io-dicom/cmd/utilities/main.go:162.34,164.3 1 0
github.com/innovative-io/io-dicom/cmd/utilities/main.go:167.64,169.16 2 0
github.com/innovative-io/io-dicom/cmd/utilities/main.go:169.16,171.3 1 0
github.com/innovative-io/io-dicom/cmd/utilities/main.go:172.2,180.27 6 0
github.com/innovative-io/io-dicom/cmd/utilities/main.go:180.27,181.72 1 0
github.com/innovative-io/io-dicom/cmd/utilities/main.go:181.72,182.12 1 0
github.com/innovative-io/io-dicom/cmd/utilities/main.go:184.3,193.18 10 0
github.com/innovative-io/io-dicom/cmd/utilities/main.go:196.2,197.38 2 0
github.com/innovative-io/io-dicom/cmd/utilities/main.go:197.38,199.3 1 0
github.com/innovative-io/io-dicom/cmd/utilities/main.go:200.2,202.34 2 0
github.com/innovative-io/io-dicom/cmd/utilities/main.go:202.34,204.3 1 0
github.com/innovative-io/io-dicom/cmd/utilities/main.go:207.70,209.16 2 0
github.com/innovative-io/io-dicom/cmd/utilities/main.go:209.16,211.3 1 0
github.com/innovative-io/io-dicom/cmd/utilities/main.go:212.2,220.27 6 0
github.com/innovative-io/io-dicom/cmd/utilities/main.go:220.27,221.36 1 0
github.com/innovative-io/io-dicom/cmd/utilities/main.go:221.36,222.12 1 0
github.com/innovative-io/io-dicom/cmd/utilities/main.go:224.3,234.18 11 0
github.com/innovative-io/io-dicom/cmd/utilities/main.go:237.2,238.38 2 0
github.com/innovative-io/io-dicom/cmd/utilities/main.go:238.38,240.3 1 0
github.com/innovative-io/io-dicom/cmd/utilities/main.go:241.2,243.34 2 0
github.com/innovative-io/io-dicom/cmd/utilities/main.go:243.34,245.3 1 0
github.com/innovative-io/io-dicom/dimse/c_echo.go:14.53,16.2 1 0
github.com/innovative-io/io-dicom/dimse/c_echo.go:19.49,24.30 4 0
github.com/innovative-io/io-dicom/dimse/c_echo.go:24.30,26.3 1 0
github.com/innovative-io/io-dicom/dimse/c_echo.go:28.2,36.36 7 0
github.com/innovative-io/io-dicom/dimse/c_echo.go:40.49,42.16 2 0
github.com/innovative-io/io-dicom/dimse/c_echo.go:42.16,44.3 1 0
github.com/innovative-io/io-dicom/dimse/c_echo.go:45.2,45.68 1 0
github.com/innovative-io/io-dicom/dimse/c_echo.go:45.68,46.56 1 0
github.com/innovative-io/io-dicom/dimse/c_echo.go:46.56,48.4 1 0
github.com/innovative-io/io-dicom/dimse/c_echo.go:50.2,50.12 1 0
github.com/innovative-io/io-dicom/dimse/c_echo.go:54.80,60.27 5 0
github.com/innovative-io/io-dicom/dimse/c_echo.go:60.27,61.31 1 0
github.com/innovative-io/io-dicom/dimse/c_echo.go:61.31,63.4 1 0
github.com/innovative-io/io-dicom/dimse/c_echo.go:65.3,75.38 10 0
github.com/innovative-io/io-dicom/dimse/c_echo.go:77.2,77.50 1 0
github.com/innovative-io/io-dicom/dimse/c_find.go:15.76,20.30 4 0
github.com/innovative-io/io-dicom/dimse/c_find.go:20.30,22.3 1 0
github.com/innovative-io/io-dicom/dimse/c_find.go:24.2,33.52 8 0
github.com/innovative-io/io-dicom/dimse/c_find.go:33.52,35.3 1 0
github.com/innovative-io/io-dicom/dimse/c_find.go:36.2,36.33 1 0
github.com/innovative-io/io-dicom/dimse/c_find.go:40.78,42.16 2 0
github.com/innovative-io/io-dicom/dimse/c_find.go:42.16,44.3 1 0
github.com/innovative-io/io-dicom/dimse/c_find.go:47.2,47.83 1 0
github.com/innovative-io/io-dicom/dimse/c_find.go:47.83,48.70 1 0
github.com/innovative-io/io-dicom/dimse/c_find.go:48.70,50.18 2 0
github.com/innovative-io/io-dicom/dimse/c_find.go:50.18,52.5 1 0
github.com/innovative-io/io-dicom/dimse/c_find.go:53.4,53.74 1 0
github.com/innovative-io/io-dicom/dimse/c_find.go:55.3,55.61 1 0
github.com/innovative-io/io-dicom/dimse/c_find.go:57.2,57.91 1 0
github.com/innovative-io/io-dicom/dimse/c_find.go:61.137,67.36 4 0
github.com/innovative-io/io-dicom/dimse/c_find.go:67.36,69.3 1 0
github.com/innovative-io/io-dicom/dimse/c_find.go:71.2,73.27 3 0
github.com/innovative-io/io-dicom/dimse/c_find.go:73.27,74.31 1 0
github.com/innovative-io/io-dicom/dimse/c_find.go:74.31,76.4 1 0
github.com/innovative-io/io-dicom/dimse/c_find.go:78.3,88.61 9 0
github.com/innovative-io/io-dicom/dimse/c_find.go:88.61,90.4 1 0
github.com/innovative-io/io-dicom/dimse/c_find.go:92.3,92.37 1 0
github.com/innovative-io/io-dicom/dimse/c_find.go:92.37,94.4 1 0
github.com/innovative-io/io-dicom/dimse/c_find.go:95.3,95.13 1 0
github.com/innovative-io/io-dicom/dimse/c_find.go:97.2,97.66 1 0
github.com/innovative-io/io-dicom/dimse/c_move.go:15.103,19.37 3 0
github.com/innovative-io/io-dicom/dimse/c_move.go:19.37,21.3 1 0
github.com/innovative-io/io-dicom/dimse/c_move.go:23.2,25.30 3 0
github.com/innovative-io/io-dicom/dimse/c_move.go:25.30,27.3 1 0
github.com/innovative-io/io-dicom/dimse/c_move.go:29.2,39.52 9 0
github.com/innovative-io/io-dicom/dimse/c_move.go:39.52,41.3 1 0
github.com/innovative-io/io-dicom/dimse/c_move.go:42.2,42.33 1 0
github.com/innovative-io/io-dicom/dimse/c_move.go:46.92,49.16 3 0
github.com/innovative-io/io-dicom/dimse/c_move.go:49.16,51.3 1 0
github.com/innovative-io/io-dicom/dimse/c_move.go:53.2,53.83 1 0
github.com/innovative-io/io-dicom/dimse/c_move.go:53.83,54.70 1 0
github.com/innovative-io/io-dicom/dimse/c_move.go:54.70,56.18 2 0
github.com/innovative-io/io-dicom/dimse/c_move.go:56.18,58.5 1 0
github.com/innovative-io/io-dicom/dimse/c_move.go:59.4,61.39 3 0
github.com/innovative-io/io-dicom/dimse/c_move.go:63.3,64.16 2 0
github.com/innovative-io/io-dicom/dimse/c_move.go:67.2,67.25 1 0
github.com/innovative-io/io-dicom/dimse/c_move.go:71.118,78.27 5 0
github.com/innovative-io/io-dicom/dimse/c_move.go:78.27,79.31 1 0
github.com/innovative-io/io-dicom/dimse/c_move.go:79.31,81.4 1 0
github.com/innovative-io/io-dicom/dimse/c_move.go:83.3,94.45 10 0
github.com/innovative-io/io-dicom/dimse/c_move.go:96.2,96.51 1 0
github.com/innovative-io/io-dicom/dimse/c_store.go:15.77,20.30 4 0
github.com/innovative-io/io-dicom/dimse/c_store.go:20.30,22.3 1 0
github.com/innovative-io/io-dicom/dimse/c_store.go:24.2,28.33 4 0
github.com/innovative-io/io-dicom/dimse/c_store.go:28.33,31.3 2 0
github.com/innovative-io/io-dicom/dimse/c_store.go:33.2,40.30 7 0
github.com/innovative-io/io-dicom/dimse/c_store.go:40.30,42.3 1 0
github.com/innovative-io/io-dicom/dimse/c_store.go:44.2,44.52 1 0
github.com/innovative-io/io-dicom/dimse/c_store.go:44.52,46.3 1 0
github.com/innovative-io/io-dicom/dimse/c_store.go:47.2,47.33 1 0
github.com/innovative-io/io-dicom/dimse/c_store.go:51.60,53.16 2 0
github.com/innovative-io/io-dicom/dimse/c_store.go:53.16,55.3 1 0
github.com/innovative-io/io-dicom/dimse/c_store.go:57.2,57.69 1 0
github.com/innovative-io/io-dicom/dimse/c_store.go:57.69,59.3 1 0
github.com/innovative-io/io-dicom/dimse/c_store.go:60.2,60.87 1 0
github.com/innovative-io/io-dicom/dimse/c_store.go:64.103,70.27 5 0
github.com/innovative-io/io-dicom/dimse/c_store.go:70.27,71.31 1 0
github.com/innovative-io/io-dicom/dimse/c_store.go:71.31,73.4 1 0
github.com/innovative-io/io-dicom/dimse/c_store.go:75.3,77.31 3 0
github.com/innovative-io/io-dicom/dimse/c_store.go:77.31,78.35 1 0
github.com/innovative-io/io-dicom/dimse/c_store.go:78.35,80.5 1 0
github.com/innovative-io/io-dicom/dimse/c_store.go:82.4,92.46 10 0
github.com/innovative-io/io-dicom/dimse/c_store.go:95.2,95.52 1 0
github.com/innovative-io/io-dicom/dimse/command.go:8.49,11.63 2 0
github.com/innovative-io/io-dicom/dimse/command.go:11.63,12.44 1 0
github.com/innovative-io/io-dicom/dimse/command.go:12.44,14.4 1 0
github.com/innovative-io/io-dicom/dimse/command.go:19.2,19.68 1 0
github.com/innovative-io/io-dicom/dimse/command.go:19.68,21.3 1 0
github.com/innovative-io/io-dicom/dimse/command.go:23.2,23.11 1 0
github.com/innovative-io/io-dicom/cmd/io-dicom/main.go:22.13,51.15 18 0
github.com/innovative-io/io-dicom/cmd/io-dicom/main.go:51.15,52.23 1 0
github.com/innovative-io/io-dicom/cmd/io-dicom/main.go:52.23,54.4 1 0
github.com/innovative-io/io-dicom/cmd/io-dicom/main.go:56.3,56.22 1 0
github.com/innovative-io/io-dicom/cmd/io-dicom/main.go:56.22,58.4 1 0
github.com/innovative-io/io-dicom/cmd/io-dicom/main.go:59.3,61.74 2 0
github.com/innovative-io/io-dicom/cmd/io-dicom/main.go:61.74,64.4 2 0
github.com/innovative-io/io-dicom/cmd/io-dicom/main.go:66.3,66.137 1 0
github.com/innovative-io/io-dicom/cmd/io-dicom/main.go:66.137,69.28 3 0
github.com/innovative-io/io-dicom/cmd/io-dicom/main.go:69.28,71.5 1 0
github.com/innovative-io/io-dicom/cmd/io-dicom/main.go:72.4,72.39 1 0
github.com/innovative-io/io-dicom/cmd/io-dicom/main.go:75.3,75.113 1 0
github.com/innovative-io/io-dicom/cmd/io-dicom/main.go:75.113,78.4 2 0
github.com/innovative-io/io-dicom/cmd/io-dicom/main.go:80.3,80.95 1 0
github.com/innovative-io/io-dicom/cmd/io-dicom/main.go:80.95,88.18 6 0
github.com/innovative-io/io-dicom/cmd/io-dicom/main.go:88.18,90.5 1 0
github.com/innovative-io/io-dicom/cmd/io-dicom/main.go:91.4,91.30 1 0
github.com/innovative-io/io-dicom/cmd/io-dicom/main.go:94.3,96.40 3 0
github.com/innovative-io/io-dicom/cmd/io-dicom/main.go:96.40,98.4 1 0
github.com/innovative-io/io-dicom/cmd/io-dicom/main.go:99.3,99.9 1 0
github.com/innovative-io/io-dicom/cmd/io-dicom/main.go:102.2,114.12 2 0
github.com/innovative-io/io-dicom/cmd/io-dicom/main.go:114.12,117.17 3 0
github.com/innovative-io/io-dicom/cmd/io-dicom/main.go:117.17,119.4 1 0
github.com/innovative-io/io-dicom/cmd/io-dicom/main.go:120.3,120.38 1 0
github.com/innovative-io/io-dicom/cmd/io-dicom/main.go:122.2,122.12 1 0
github.com/innovative-io/io-dicom/cmd/io-dicom/main.go:122.12,125.55 3 0
github.com/innovative-io/io-dicom/cmd/io-dicom/main.go:125.55,128.4 2 0
github.com/innovative-io/io-dicom/cmd/io-dicom/main.go:130.3,131.17 2 0
github.com/innovative-io/io-dicom/cmd/io-dicom/main.go:131.17,133.4 1 0
github.com/innovative-io/io-dicom/cmd/io-dicom/main.go:135.3,137.9 3 0
github.com/innovative-io/io-dicom/cmd/io-dicom/main.go:139.2,139.12 1 0
github.com/innovative-io/io-dicom/cmd/io-dicom/main.go:139.12,140.27 1 0
github.com/innovative-io/io-dicom/cmd/io-dicom/main.go:140.27,142.4 1 0
github.com/innovative-io/io-dicom/cmd/io-dicom/main.go:143.3,143.22 1 0
github.com/innovative-io/io-dicom/cmd/io-dicom/main.go:143.22,145.4 1 0
github.com/innovative-io/io-dicom/cmd/io-dicom/main.go:147.3,151.17 4 0
github.com/innovative-io/io-dicom/cmd/io-dicom/main.go:151.17,153.4 1 0
github.com/innovative-io/io-dicom/cmd/io-dicom/main.go:154.3,155.9 2 0
github.com/innovative-io/io-dicom/cmd/io-dicom/main.go:157.2,157.13 1 0
github.com/innovative-io/io-dicom/cmd/io-dicom/main.go:157.13,158.22 1 0
github.com/innovative-io/io-dicom/cmd/io-dicom/main.go:158.22,160.4 1 0
github.com/innovative-io/io-dicom/cmd/io-dicom/main.go:161.3,163.17 3 0
github.com/innovative-io/io-dicom/cmd/io-dicom/main.go:163.17,165.4 1 0
github.com/innovative-io/io-dicom/cmd/io-dicom/main.go:166.3,167.9 2 0
github.com/innovative-io/io-dicom/cmd/io-dicom/main.go:169.2,169.11 1 0
github.com/innovative-io/io-dicom/cmd/io-dicom/main.go:169.11,170.22 1 0
github.com/innovative-io/io-dicom/cmd/io-dicom/main.go:170.22,172.4 1 0
github.com/innovative-io/io-dicom/cmd/io-dicom/main.go:173.3,174.17 2 0
github.com/innovative-io/io-dicom/cmd/io-dicom/main.go:174.17,176.4 1 0
github.com/innovative-io/io-dicom/cmd/io-dicom/main.go:177.3,178.9 2 0
github.com/innovative-io/io-dicom/dictionary/sopclass/uids.go:10.49,11.33 1 1
github.com/innovative-io/io-dicom/dictionary/sopclass/uids.go:11.33,12.23 1 1
github.com/innovative-io/io-dicom/dictionary/sopclass/uids.go:12.23,14.4 1 1
github.com/innovative-io/io-dicom/dictionary/sopclass/uids.go:16.2,16.12 1 1
github.com/innovative-io/io-dicom/dictionary/sopclass/uids.go:19.47,20.33 1 1
github.com/innovative-io/io-dicom/dictionary/sopclass/uids.go:20.33,21.21 1 1
github.com/innovative-io/io-dicom/dictionary/sopclass/uids.go:21.21,23.4 1 1
github.com/innovative-io/io-dicom/dictionary/sopclass/uids.go:25.2,25.12 1 1
github.com/innovative-io/io-dicom/utils/dicom_requests.go:12.46,29.2 16 0
github.com/innovative-io/io-dicom/utils/dicom_requests.go:32.61,46.2 13 0
github.com/innovative-io/io-dicom/utils/dicom_requests.go:49.47,67.2 17 0
github.com/innovative-io/io-dicom/dictionary/tags/uids.go:13.39,14.27 1 1
github.com/innovative-io/io-dicom/dictionary/tags/uids.go:14.27,15.23 1 1
github.com/innovative-io/io-dicom/dictionary/tags/uids.go:15.23,17.4 1 1
github.com/innovative-io/io-dicom/dictionary/tags/uids.go:19.2,19.15 1 1
github.com/innovative-io/io-dicom/dictionary/tags/uids.go:23.48,24.27 1 1
github.com/innovative-io/io-dicom/dictionary/tags/uids.go:24.27,25.51 1 1
github.com/innovative-io/io-dicom/dictionary/tags/uids.go:25.51,27.4 1 1
github.com/innovative-io/io-dicom/dictionary/tags/uids.go:29.2,29.15 1 1
github.com/innovative-io/io-dicom/dictionary/tags/uids.go:33.23,35.2 1 0
github.com/innovative-io/io-dicom/dictionary/tags/uids.go:37.66,38.27 1 0
github.com/innovative-io/io-dicom/dictionary/tags/uids.go:38.27,39.23 1 0
github.com/innovative-io/io-dicom/dictionary/tags/uids.go:39.23,41.4 1 0
github.com/innovative-io/io-dicom/dictionary/tags/uids.go:43.2,43.13 1 0
github.com/innovative-io/io-dicom/dictionary/transfersyntax/conformance_matrix.go:32.66,33.22 1 1
github.com/innovative-io/io-dicom/dictionary/transfersyntax/conformance_matrix.go:34.61,35.21 1 1
github.com/innovative-io/io-dicom/dictionary/transfersyntax/conformance_matrix.go:36.37,37.39 1 1
github.com/innovative-io/io-dicom/dictionary/transfersyntax/conformance_matrix.go:38.36,39.23 1 0
github.com/innovative-io/io-dicom/dictionary/transfersyntax/conformance_matrix.go:40.10,41.30 1 0
github.com/innovative-io/io-dicom/dictionary/transfersyntax/conformance_matrix.go:45.77,46.85 1 1
github.com/innovative-io/io-dicom/dictionary/transfersyntax/conformance_matrix.go:46.85,48.3 1 1
github.com/innovative-io/io-dicom/dictionary/transfersyntax/conformance_matrix.go:50.2,51.23 2 1
github.com/innovative-io/io-dicom/dictionary/transfersyntax/conformance_matrix.go:51.23,53.3 1 0
github.com/innovative-io/io-dicom/dictionary/transfersyntax/conformance_matrix.go:54.2,55.18 2 1
github.com/innovative-io/io-dicom/dictionary/transfersyntax/conformance_matrix.go:55.18,57.3 1 1
github.com/innovative-io/io-dicom/dictionary/transfersyntax/conformance_matrix.go:58.2,58.52 1 1
github.com/innovative-io/io-dicom/dictionary/transfersyntax/conformance_matrix.go:127.43,140.42 12 1
github.com/innovative-io/io-dicom/dictionary/transfersyntax/conformance_matrix.go:140.42,141.23 1 1
github.com/innovative-io/io-dicom/dictionary/transfersyntax/conformance_matrix.go:141.23,142.12 1 1
github.com/innovative-io/io-dicom/dictionary/transfersyntax/conformance_matrix.go:144.3,144.208 1 1
github.com/innovative-io/io-dicom/dictionary/transfersyntax/conformance_matrix.go:147.2,150.42 4 1
github.com/innovative-io/io-dicom/dictionary/transfersyntax/conformance_matrix.go:150.42,151.22 1 1
github.com/innovative-io/io-dicom/dictionary/transfersyntax/conformance_matrix.go:151.22,152.12 1 1
github.com/innovative-io/io-dicom/dictionary/transfersyntax/conformance_matrix.go:154.3,154.129 1 1
github.com/innovative-io/io-dicom/dictionary/transfersyntax/conformance_matrix.go:157.2,166.25 9 1
github.com/innovative-io/io-dicom/dictionary/transfersyntax/conformance_matrix.go:169.47,172.74 2 1
github.com/innovative-io/io-dicom/dictionary/transfersyntax/conformance_matrix.go:172.74,178.43 5 1
github.com/innovative-io/io-dicom/dictionary/transfersyntax/conformance_matrix.go:178.43,179.73 1 1
github.com/innovative-io/io-dicom/dictionary/transfersyntax/conformance_matrix.go:179.73,180.13 1 1
github.com/innovative-io/io-dicom/dictionary/transfersyntax/conformance_matrix.go:182.4,183.11 2 1
github.com/innovative-io/io-dicom/dictionary/transfersyntax/conformance_matrix.go:186.3,186.17 1 1
github.com/innovative-io/io-dicom/dictionary/transfersyntax/conformance_matrix.go:186.17,188.4 1 1
github.com/innovative-io/io-dicom/dictionary/transfersyntax/conformance_matrix.go:189.3,189.28 1 1
github.com/innovative-io/io-dicom/dictionary/transfersyntax/conformance_matrix.go:192.2,192.80 1 1
github.com/innovative-io/io-dicom/dictionary/transfersyntax/conformance_matrix.go:192.80,198.43 5 1
github.com/innovative-io/io-dicom/dictionary/transfersyntax/conformance_matrix.go:198.43,199.68 1 1
github.com/innovative-io/io-dicom/dictionary/transfersyntax/conformance_matrix.go:199.68,200.13 1 1
github.com/innovative-io/io-dicom/dictionary/transfersyntax/conformance_matrix.go:202.4,203.11 2 1
github.com/innovative-io/io-dicom/dictionary/transfersyntax/conformance_matrix.go:206.3,206.17 1 1
github.com/innovative-io/io-dicom/dictionary/transfersyntax/conformance_matrix.go:206.17,208.4 1 1
github.com/innovative-io/io-dicom/dictionary/transfersyntax/conformance_matrix.go:209.3,209.28 1 1
github.com/innovative-io/io-dicom/dictionary/transfersyntax/conformance_matrix.go:212.2,234.25 20 1
github.com/innovative-io/io-dicom/dictionary/transfersyntax/uids.go:56.61,57.38 1 1
github.com/innovative-io/io-dicom/dictionary/transfersyntax/uids.go:57.38,58.22 1 1
github.com/innovative-io/io-dicom/dictionary/transfersyntax/uids.go:58.22,60.4 1 1
github.com/innovative-io/io-dicom/dictionary/transfersyntax/uids.go:62.2,62.12 1 1
github.com/innovative-io/io-dicom/dictionary/transfersyntax/uids.go:65.59,66.38 1 1
github.com/innovative-io/io-dicom/dictionary/transfersyntax/uids.go:66.38,67.20 1 1
github.com/innovative-io/io-dicom/dictionary/transfersyntax/uids.go:67.20,69.4 1 1
github.com/innovative-io/io-dicom/dictionary/transfersyntax/uids.go:72.2,73.38 2 1
github.com/innovative-io/io-dicom/dictionary/transfersyntax/uids.go:73.38,74.20 1 1
github.com/innovative-io/io-dicom/dictionary/transfersyntax/uids.go:74.20,76.4 1 0
github.com/innovative-io/io-dicom/dictionary/transfersyntax/uids.go:78.2,78.12 1 1
github.com/innovative-io/io-dicom/dictionary/transfersyntax/uids.go:81.47,82.47 1 1
github.com/innovative-io/io-dicom/dictionary/transfersyntax/uids.go:82.47,83.20 1 1
github.com/innovative-io/io-dicom/dictionary/transfersyntax/uids.go:83.20,85.4 1 1
github.com/innovative-io/io-dicom/dictionary/transfersyntax/uids.go:87.2,87.14 1 1
github.com/innovative-io/io-dicom/implementation/dicom_implementation.go:20.48,28.2 4 1
github.com/innovative-io/io-dicom/implementation/dicom_implementation.go:30.72,38.2 4 1
github.com/innovative-io/io-dicom/implementation/dicom_implementation.go:40.41,44.14 4 1
github.com/innovative-io/io-dicom/implementation/dicom_implementation.go:44.14,46.3 1 0
github.com/innovative-io/io-dicom/implementation/dicom_implementation.go:47.2,47.24 1 1
github.com/innovative-io/io-dicom/implementation/dicom_implementation.go:50.40,54.14 4 1
github.com/innovative-io/io-dicom/implementation/dicom_implementation.go:54.14,56.3 1 0
github.com/innovative-io/io-dicom/implementation/dicom_implementation.go:57.2,57.23 1 1
github.com/innovative-io/io-dicom/implementation/dicom_implementation.go:60.52,61.22 1 1
github.com/innovative-io/io-dicom/implementation/dicom_implementation.go:61.22,65.3 3 1
github.com/innovative-io/io-dicom/implementation/dicom_implementation.go:66.2,66.19 1 1
github.com/innovative-io/io-dicom/implementation/dicom_implementation.go:69.51,70.22 1 1
github.com/innovative-io/io-dicom/implementation/dicom_implementation.go:70.22,74.3 3 1
github.com/innovative-io/io-dicom/implementation/dicom_implementation.go:75.2,75.18 1 1
github.com/innovative-io/io-dicom/media/dicom_buffer.go:49.36,54.2 1 1
github.com/innovative-io/io-dicom/media/dicom_buffer.go:57.51,62.2 1 1
github.com/innovative-io/io-dicom/media/dicom_buffer.go:65.63,67.16 2 1
github.com/innovative-io/io-dicom/media/dicom_buffer.go:67.16,69.3 1 0
github.com/innovative-io/io-dicom/media/dicom_buffer.go:70.2,73.8 1 1
github.com/innovative-io/io-dicom/media/dicom_buffer.go:76.44,78.2 1 0
github.com/innovative-io/io-dicom/media/dicom_buffer.go:80.43,82.2 1 0
github.com/innovative-io/io-dicom/media/dicom_buffer.go:84.55,86.2 1 1
github.com/innovative-io/io-dicom/media/dicom_buffer.go:88.42,90.2 1 1
github.com/innovative-io/io-dicom/media/dicom_buffer.go:92.50,94.2 1 1
github.com/innovative-io/io-dicom/media/dicom_buffer.go:96.38,98.2 1 1
github.com/innovative-io/io-dicom/media/dicom_buffer.go:100.56,102.2 1 1
github.com/innovative-io/io-dicom/media/dicom_buffer.go:104.49,106.16 2 0
github.com/innovative-io/io-dicom/media/dicom_buffer.go:106.16,108.3 1 0
github.com/innovative-io/io-dicom/media/dicom_buffer.go:109.2,109.18 1 0
github.com/innovative-io/io-dicom/media/dicom_buffer.go:112.53,114.16 2 1
github.com/innovative-io/io-dicom/media/dicom_buffer.go:114.16,116.3 1 0
github.com/innovative-io/io-dicom/media/dicom_buffer.go:117.2,117.18 1 1
github.com/innovative-io/io-dicom/media/dicom_buffer.go:117.18,119.3 1 0
github.com/innovative-io/io-dicom/media/dicom_buffer.go:120.2,120.43 1 1
github.com/innovative-io/io-dicom/media/dicom_buffer.go:123.53,125.16 2 1
github.com/innovative-io/io-dicom/media/dicom_buffer.go:125.16,127.3 1 0
github.com/innovative-io/io-dicom/media/dicom_buffer.go:128.2,128.18 1 1
github.com/innovative-io/io-dicom/media/dicom_buffer.go:128.18,130.3 1 0
github.com/innovative-io/io-dicom/media/dicom_buffer.go:131.2,131.43 1 1
github.com/innovative-io/io-dicom/media/dicom_buffer.go:134.67,136.2 1 1
github.com/innovative-io/io-dicom/media/dicom_buffer.go:138.53,142.32 4 0
github.com/innovative-io/io-dicom/media/dicom_buffer.go:142.32,144.3 1 0
github.com/innovative-io/io-dicom/media/dicom_buffer.go:148.52,152.2 3 0
github.com/innovative-io/io-dicom/media/dicom_buffer.go:155.50,157.18 2 1
github.com/innovative-io/io-dicom/media/dicom_buffer.go:157.18,159.3 1 0
github.com/innovative-io/io-dicom/media/dicom_buffer.go:159.8,161.3 1 1
github.com/innovative-io/io-dicom/media/dicom_buffer.go:162.2,162.22 1 1
github.com/innovative-io/io-dicom/media/dicom_buffer.go:166.50,168.18 2 1
github.com/innovative-io/io-dicom/media/dicom_buffer.go:168.18,170.3 1 0
github.com/innovative-io/io-dicom/media/dicom_buffer.go:170.8,172.3 1 1
github.com/innovative-io/io-dicom/media/dicom_buffer.go:173.2,173.22 1 1
github.com/innovative-io/io-dicom/media/dicom_buffer.go:176.50,178.2 1 0
github.com/innovative-io/io-dicom/media/dicom_buffer.go:181.68,183.16 2 1
github.com/innovative-io/io-dicom/media/dicom_buffer.go:183.16,185.3 1 0
github.com/innovative-io/io-dicom/media/dicom_buffer.go:186.2,187.16 2 1
github.com/innovative-io/io-dicom/media/dicom_buffer.go:187.16,189.3 1 0
github.com/innovative-io/io-dicom/media/dicom_buffer.go:190.2,197.25 3 1
github.com/innovative-io/io-dicom/media/dicom_buffer.go:197.25,199.3 1 1
github.com/innovative-io/io-dicom/media/dicom_buffer.go:201.2,201.68 1 1
github.com/innovative-io/io-dicom/media/dicom_buffer.go:201.68,203.103 2 1
github.com/innovative-io/io-dicom/media/dicom_buffer.go:203.103,205.18 2 1
github.com/innovative-io/io-dicom/media/dicom_buffer.go:205.18,207.5 1 0
github.com/innovative-io/io-dicom/media/dicom_buffer.go:209.4,210.18 2 1
github.com/innovative-io/io-dicom/media/dicom_buffer.go:210.18,212.5 1 0
github.com/innovative-io/io-dicom/media/dicom_buffer.go:214.4,214.23 1 1
github.com/innovative-io/io-dicom/media/dicom_buffer.go:215.9,217.18 2 1
github.com/innovative-io/io-dicom/media/dicom_buffer.go:217.18,219.5 1 0
github.com/innovative-io/io-dicom/media/dicom_buffer.go:220.4,220.31 1 1
github.com/innovative-io/io-dicom/media/dicom_buffer.go:222.8,223.18 1 1
github.com/innovative-io/io-dicom/media/dicom_buffer.go:223.18,225.4 1 1
github.com/innovative-io/io-dicom/media/dicom_buffer.go:226.3,227.17 2 1
github.com/innovative-io/io-dicom/media/dicom_buffer.go:227.17,229.4 1 0
github.com/innovative-io/io-dicom/media/dicom_buffer.go:230.3,230.22 1 1
github.com/innovative-io/io-dicom/media/dicom_buffer.go:233.2,233.53 1 1
github.com/innovative-io/io-dicom/media/dicom_buffer.go:233.53,234.59 1 1
github.com/innovative-io/io-dicom/media/dicom_buffer.go:234.59,236.4 1 1
github.com/innovative-io/io-dicom/media/dicom_buffer.go:236.9,238.4 1 1
github.com/innovative-io/io-dicom/media/dicom_buffer.go:240.2,241.17 2 1
github.com/innovative-io/io-dicom/media/dicom_buffer.go:245.65,248.68 3 1
github.com/innovative-io/io-dicom/media/dicom_buffer.go:248.68,250.103 2 1
github.com/innovative-io/io-dicom/media/dicom_buffer.go:250.103,253.4 2 1
github.com/innovative-io/io-dicom/media/dicom_buffer.go:253.9,255.4 1 1
github.com/innovative-io/io-dicom/media/dicom_buffer.go:256.8,258.3 1 1
github.com/innovative-io/io-dicom/media/dicom_buffer.go:259.2,259.53 1 1
github.com/innovative-io/io-dicom/media/dicom_buffer.go:259.53,261.3 1 1
github.com/innovative-io/io-dicom/media/dicom_buffer.go:265.113,268.19 3 1
github.com/innovative-io/io-dicom/media/dicom_buffer.go:268.19,270.17 2 1
github.com/innovative-io/io-dicom/media/dicom_buffer.go:270.17,272.4 1 1
github.com/innovative-io/io-dicom/media/dicom_buffer.go:272.9,274.4 1 0
github.com/innovative-io/io-dicom/media/dicom_buffer.go:276.2,284.30 2 1
github.com/innovative-io/io-dicom/media/dicom_buffer.go:288.75,294.16 5 1
github.com/innovative-io/io-dicom/media/dicom_buffer.go:294.16,296.3 1 0
github.com/innovative-io/io-dicom/media/dicom_buffer.go:297.2,297.37 1 1
github.com/innovative-io/io-dicom/media/dicom_buffer.go:297.37,299.38 2 1
github.com/innovative-io/io-dicom/media/dicom_buffer.go:299.38,302.32 3 1
github.com/innovative-io/io-dicom/media/dicom_buffer.go:302.32,303.10 1 1
github.com/innovative-io/io-dicom/media/dicom_buffer.go:305.4,305.53 1 1
github.com/innovative-io/io-dicom/media/dicom_buffer.go:305.53,308.5 2 1
github.com/innovative-io/io-dicom/media/dicom_buffer.go:309.4,309.24 1 1
github.com/innovative-io/io-dicom/media/dicom_buffer.go:309.24,311.5 1 1
github.com/innovative-io/io-dicom/media/dicom_buffer.go:314.2,315.28 2 1
github.com/innovative-io/io-dicom/media/dicom_buffer.go:319.100,362.2 22 1
github.com/innovative-io/io-dicom/media/dicom_buffer.go:365.55,366.38 1 1
github.com/innovative-io/io-dicom/media/dicom_buffer.go:366.38,368.17 2 1
github.com/innovative-io/io-dicom/media/dicom_buffer.go:368.17,370.4 1 0
github.com/innovative-io/io-dicom/media/dicom_buffer.go:371.3,371.26 1 1
github.com/innovative-io/io-dicom/media/dicom_buffer.go:371.26,373.4 1 1
github.com/innovative-io/io-dicom/media/dicom_buffer.go:374.3,374.70 1 1
github.com/innovative-io/io-dicom/media/dicom_buffer.go:374.70,376.4 1 1
github.com/innovative-io/io-dicom/media/dicom_buffer.go:377.3,377.15 1 1
github.com/innovative-io/io-dicom/media/dicom_buffer.go:379.2,379.12 1 1
github.com/innovative-io/io-dicom/media/dicom_buffer.go:383.50,387.38 1 1
github.com/innovative-io/io-dicom/media/dicom_buffer.go:387.38,390.3 2 1
github.com/innovative-io/io-dicom/media/dicom_buffer.go:393.57,399.16 5 0
github.com/innovative-io/io-dicom/media/dicom_buffer.go:399.16,401.3 1 0
github.com/innovative-io/io-dicom/media/dicom_buffer.go:402.2,403.12 2 0
github.com/innovative-io/io-dicom/media/dicom_buffer.go:406.45,408.2 1 1
github.com/innovative-io/io-dicom/media/dicom_buffer.go:410.54,413.2 2 1
github.com/innovative-io/io-dicom/media/dicom_dictionary.go:31.57,33.2 1 1
github.com/innovative-io/io-dicom/media/dicom_dictionary.go:35.29,38.34 3 1
github.com/innovative-io/io-dicom/media/dicom_dictionary.go:38.34,40.43 2 1
github.com/innovative-io/io-dicom/media/dicom_dictionary.go:40.43,43.4 2 1
github.com/innovative-io/io-dicom/media/dicom_dictionary.go:48.29,50.20 2 1
github.com/innovative-io/io-dicom/media/dicom_dictionary.go:50.20,52.3 1 1
github.com/innovative-io/io-dicom/media/dicom_dictionary.go:53.2,53.27 1 1
github.com/innovative-io/io-dicom/media/dicom_dictionary.go:53.27,55.3 1 1
github.com/innovative-io/io-dicom/media/dicom_dictionary.go:56.2,56.18 1 1
github.com/innovative-io/io-dicom/media/dicom_dictionary.go:56.18,58.3 1 1
github.com/innovative-io/io-dicom/media/dicom_dictionary.go:59.2,59.18 1 1
github.com/innovative-io/io-dicom/media/dicom_dictionary.go:59.18,61.3 1 1
github.com/innovative-io/io-dicom/media/dicom_dictionary.go:65.63,67.61 2 1
github.com/innovative-io/io-dicom/media/dicom_dictionary.go:67.61,69.3 1 1
github.com/innovative-io/io-dicom/media/dicom_dictionary.go:70.2,77.3 1 0
github.com/innovative-io/io-dicom/media/dicom_dictionary.go:81.59,83.62 2 1
github.com/innovative-io/io-dicom/media/dicom_dictionary.go:83.62,85.3 1 1
github.com/innovative-io/io-dicom/media/dicom_dictionary.go:86.2,86.13 1 0
github.com/innovative-io/io-dicom/media/dicom_dictionary.go:89.30,92.16 3 1
github.com/innovative-io/io-dicom/media/dicom_dictionary.go:92.16,94.3 1 1
[...]
github.com/innovative-io/io-dicom/network/role_select.go:78.52,80.3 1 0
github.com/innovative-io/io-dicom/network/role_select.go:81.2,81.52 1 0
github.com/innovative-io/io-dicom/network/role_select.go:81.52,83.3 1 0
github.com/innovative-io/io-dicom/network/role_select.go:84.2,84.8 1 0
github.com/innovative-io/io-dicom/network/uid_item.go:32.52,38.2 1 1
github.com/innovative-io/io-dicom/network/uid_item.go:40.38,42.2 1 0
github.com/innovative-io/io-dicom/network/uid_item.go:44.38,46.2 1 0
github.com/innovative-io/io-dicom/network/uid_item.go:48.36,50.2 1 0
github.com/innovative-io/io-dicom/network/uid_item.go:52.34,54.2 1 0
github.com/innovative-io/io-dicom/network/uid_item.go:56.35,58.2 1 1
github.com/innovative-io/io-dicom/network/uid_item.go:60.45,62.2 1 1
github.com/innovative-io/io-dicom/network/uid_item.go:64.44,66.2 1 1
github.com/innovative-io/io-dicom/network/uid_item.go:68.42,70.2 1 1
github.com/innovative-io/io-dicom/network/uid_item.go:72.38,74.2 1 1
github.com/innovative-io/io-dicom/network/uid_item.go:76.53,86.2 7 0
github.com/innovative-io/io-dicom/network/uid_item.go:88.59,89.48 1 0
github.com/innovative-io/io-dicom/network/uid_item.go:89.48,91.3 1 0
github.com/innovative-io/io-dicom/network/uid_item.go:92.2,92.26 1 0
github.com/innovative-io/io-dicom/network/uid_item.go:95.66,96.49 1 0
github.com/innovative-io/io-dicom/network/uid_item.go:96.49,98.3 1 0
github.com/innovative-io/io-dicom/network/uid_item.go:99.2,99.48 1 0
github.com/innovative-io/io-dicom/network/uid_item.go:99.48,101.3 1 0
github.com/innovative-io/io-dicom/network/uid_item.go:103.2,107.8 4 0
github.com/innovative-io/io-dicom/network/user_information.go:41.43,54.2 1 1
github.com/innovative-io/io-dicom/network/user_information.go:56.47,58.2 1 0
github.com/innovative-io/io-dicom/network/user_information.go:60.48,62.2 1 0
github.com/innovative-io/io-dicom/network/user_information.go:64.63,66.2 1 0
github.com/innovative-io/io-dicom/network/user_information.go:68.75,70.2 1 0
github.com/innovative-io/io-dicom/network/user_information.go:72.69,74.2 1 0
github.com/innovative-io/io-dicom/network/user_information.go:76.42,81.2 4 0
github.com/innovative-io/io-dicom/network/user_information.go:83.61,85.2 1 0
github.com/innovative-io/io-dicom/network/user_information.go:87.67,92.2 4 0
github.com/innovative-io/io-dicom/network/user_information.go:94.63,96.2 1 0
github.com/innovative-io/io-dicom/network/user_information.go:98.70,103.2 4 0
github.com/innovative-io/io-dicom/network/user_information.go:105.68,114.35 7 0
github.com/innovative-io/io-dicom/network/user_information.go:114.35,116.3 1 0
github.com/innovative-io/io-dicom/network/user_information.go:118.2,122.8 4 0
github.com/innovative-io/io-dicom/network/user_information.go:125.68,126.49 1 0
github.com/innovative-io/io-dicom/network/user_information.go:126.49,128.3 1 0
github.com/innovative-io/io-dicom/network/user_information.go:129.2,129.27 1 0
github.com/innovative-io/io-dicom/network/user_information.go:132.75,133.50 1 0
github.com/innovative-io/io-dicom/network/user_information.go:133.50,135.3 1 0
github.com/innovative-io/io-dicom/network/user_information.go:136.2,136.49 1 0
github.com/innovative-io/io-dicom/network/user_information.go:136.49,138.3 1 0
github.com/innovative-io/io-dicom/network/user_information.go:140.2,141.16 2 0
github.com/innovative-io/io-dicom/network/user_information.go:141.16,143.17 2 0
github.com/innovative-io/io-dicom/network/user_information.go:143.17,145.4 1 0
github.com/innovative-io/io-dicom/network/user_information.go:147.3,147.19 1 0
github.com/innovative-io/io-dicom/network/user_information.go:148.13,150.47 2 0
github.com/innovative-io/io-dicom/network/user_information.go:151.13,153.46 2 0
github.com/innovative-io/io-dicom/network/user_information.go:154.13,156.48 2 0
github.com/innovative-io/io-dicom/network/user_information.go:157.13,160.54 3 0
github.com/innovative-io/io-dicom/network/user_information.go:161.13,163.48 2 0
github.com/innovative-io/io-dicom/network/user_information.go:164.11,167.92 3 0
github.com/innovative-io/io-dicom/network/user_information.go:171.2,171.16 1 0
github.com/innovative-io/io-dicom/network/user_information.go:171.16,173.3 1 0
github.com/innovative-io/io-dicom/network/user_information.go:175.2,175.59 1 0
github.com/innovative-io/io-dicom/transcoder/transcoder.go:15.44,16.20 1 1
github.com/innovative-io/io-dicom/transcoder/transcoder.go:16.20,18.3 1 0
github.com/innovative-io/io-dicom/transcoder/transcoder.go:20.2,21.29 2 1
github.com/innovative-io/io-dicom/transcoder/transcoder.go:21.29,23.16 2 1
github.com/innovative-io/io-dicom/transcoder/transcoder.go:23.16,25.4 1 0
github.com/innovative-io/io-dicom/transcoder/transcoder.go:26.3,28.11 3 1
github.com/innovative-io/io-dicom/transcoder/transcoder.go:30.2,30.12 1 1
github.com/innovative-io/io-dicom/transcoder/transcoder.go:33.115,35.21 2 1
github.com/innovative-io/io-dicom/transcoder/transcoder.go:35.21,37.3 1 0
github.com/innovative-io/io-dicom/transcoder/transcoder.go:39.2,39.47 1 1
github.com/innovative-io/io-dicom/transcoder/transcoder.go:39.47,41.3 1 0
github.com/innovative-io/io-dicom/transcoder/transcoder.go:43.2,43.50 1 1
github.com/innovative-io/io-dicom/transcoder/transcoder.go:43.50,45.3 1 0
github.com/innovative-io/io-dicom/transcoder/transcoder.go:47.2,49.28 3 1
github.com/innovative-io/io-dicom/transcoder/transcoder.go:49.28,51.3 1 0
github.com/innovative-io/io-dicom/transcoder/transcoder.go:53.2,54.36 2 1
github.com/innovative-io/io-dicom/transcoder/transcoder.go:54.36,56.3 1 0
github.com/innovative-io/io-dicom/transcoder/transcoder.go:58.2,59.59 2 1
github.com/innovative-io/io-dicom/transcoder/transcoder.go:59.59,60.68 1 1
github.com/innovative-io/io-dicom/transcoder/transcoder.go:60.68,62.48 2 1
github.com/innovative-io/io-dicom/transcoder/transcoder.go:62.48,65.5 2 1
github.com/innovative-io/io-dicom/transcoder/transcoder.go:66.4,66.46 1 1
github.com/innovative-io/io-dicom/transcoder/transcoder.go:70.2,71.38 2 1
github.com/innovative-io/io-dicom/transcoder/transcoder.go:71.38,73.3 1 1
github.com/innovative-io/io-dicom/transcoder/transcoder.go:75.2,78.42 4 1
github.com/innovative-io/io-dicom/transcoder/transcoder.go:78.42,81.3 2 1
github.com/innovative-io/io-dicom/transcoder/transcoder.go:83.2,86.38 4 1
github.com/innovative-io/io-dicom/transcoder/transcoder.go:86.38,88.3 1 1
github.com/innovative-io/io-dicom/transcoder/transcoder.go:89.2,90.42 2 1
github.com/innovative-io/io-dicom/transcoder/transcoder.go:90.42,92.3 1 1
github.com/innovative-io/io-dicom/transcoder/transcoder.go:94.2,94.17 1 1
github.com/innovative-io/io-dicom/transcoder/transcoder.go:97.46,100.40 3 1
github.com/innovative-io/io-dicom/transcoder/transcoder.go:100.40,103.3 2 0
github.com/innovative-io/io-dicom/transcoder/transcoder.go:104.2,104.35 1 1
github.com/innovative-io/io-dicom/transcoder/transcoder.go:104.35,106.3 1 0
github.com/innovative-io/io-dicom/transcoder/transcoder.go:107.2,107.25 1 1
github.com/innovative-io/io-dicom/transcoder/transcoder.go:110.64,112.16 2 1
github.com/innovative-io/io-dicom/transcoder/transcoder.go:112.16,114.3 1 0
github.com/innovative-io/io-dicom/transcoder/transcoder.go:115.2,118.16 3 1
github.com/innovative-io/io-dicom/transcoder/transcoder.go:118.16,120.3 1 0
github.com/innovative-io/io-dicom/transcoder/transcoder.go:121.2,121.51 1 1
github.com/innovative-io/io-dicom/transcoder/transcoder.go:121.51,123.3 1 1
github.com/innovative-io/io-dicom/transcoder/transcoder.go:124.2,124.17 1 1
github.com/innovative-io/io-dicom/transcoder/transcoder.go:127.45,128.17 1 1
github.com/innovative-io/io-dicom/transcoder/transcoder.go:128.17,130.3 1 0
github.com/innovative-io/io-dicom/transcoder/transcoder.go:131.2,131.48 1 1
github.com/innovative-io/io-dicom/transcoder/transcoder.go:134.126,138.51 3 1
github.com/innovative-io/io-dicom/transcoder/transcoder.go:138.51,139.72 1 1
github.com/innovative-io/io-dicom/transcoder/transcoder.go:139.72,141.4 1 0
github.com/innovative-io/io-dicom/transcoder/transcoder.go:143.3,146.10 3 1
github.com/innovative-io/io-dicom/transcoder/transcoder.go:147.19,149.79 2 1
github.com/innovative-io/io-dicom/transcoder/transcoder.go:149.79,151.5 1 0
github.com/innovative-io/io-dicom/transcoder/transcoder.go:152.4,152.40 1 1
github.com/innovative-io/io-dicom/transcoder/transcoder.go:152.40,154.5 1 0
github.com/innovative-io/io-dicom/transcoder/transcoder.go:155.4,157.20 3 1
github.com/innovative-io/io-dicom/transcoder/transcoder.go:158.22,159.72 1 0
github.com/innovative-io/io-dicom/transcoder/transcoder.go:159.72,161.5 1 0
github.com/innovative-io/io-dicom/transcoder/transcoder.go:162.4,163.40 2 0
github.com/innovative-io/io-dicom/transcoder/transcoder.go:163.40,165.5 1 0
github.com/innovative-io/io-dicom/transcoder/transcoder.go:166.4,168.37 3 0
github.com/innovative-io/io-dicom/transcoder/transcoder.go:168.37,170.5 1 0
github.com/innovative-io/io-dicom/transcoder/transcoder.go:171.4,171.20 1 0
github.com/innovative-io/io-dicom/transcoder/transcoder.go:172.11,172.11 0 0
github.com/innovative-io/io-dicom/transcoder/transcoder.go:177.2,177.12 1 1
github.com/innovative-io/io-dicom/transcoder/transcoder.go:180.32,181.12 1 0
github.com/innovative-io/io-dicom/transcoder/transcoder.go:181.12,183.3 1 0
github.com/innovative-io/io-dicom/transcoder/transcoder.go:184.2,184.14 1 0
github.com/innovative-io/io-dicom/transcoder/transcoder.go:184.14,186.3 1 0
github.com/innovative-io/io-dicom/transcoder/transcoder.go:187.2,187.37 1 0
github.com/innovative-io/io-dicom/transcoder/transcoder.go:190.90,191.85 1 1
github.com/innovative-io/io-dicom/transcoder/transcoder.go:191.85,193.3 1 0
github.com/innovative-io/io-dicom/transcoder/transcoder.go:195.2,196.16 2 1
github.com/innovative-io/io-dicom/transcoder/transcoder.go:196.16,198.3 1 0
github.com/innovative-io/io-dicom/transcoder/transcoder.go:199.2,199.56 1 1
github.com/innovative-io/io-dicom/transcoder/transcoder.go:199.56,201.3 1 0
github.com/innovative-io/io-dicom/transcoder/transcoder.go:202.2,202.28 1 1
github.com/innovative-io/io-dicom/transcoder/transcoder.go:202.28,204.3 1 0
github.com/innovative-io/io-dicom/transcoder/transcoder.go:206.2,207.46 2 1
github.com/innovative-io/io-dicom/transcoder/transcoder.go:207.46,209.17 2 1
github.com/innovative-io/io-dicom/transcoder/transcoder.go:209.17,211.4 1 0
github.com/innovative-io/io-dicom/transcoder/transcoder.go:212.3,212.25 1 1
github.com/innovative-io/io-dicom/transcoder/transcoder.go:214.2,219.44 4 1
github.com/innovative-io/io-dicom/transcoder/transcoder.go:219.44,220.75 1 1
github.com/innovative-io/io-dicom/transcoder/transcoder.go:220.75,222.4 1 1
github.com/innovative-io/io-dicom/transcoder/transcoder.go:223.3,224.101 2 1
github.com/innovative-io/io-dicom/transcoder/transcoder.go:224.101,226.4 1 0
github.com/innovative-io/io-dicom/transcoder/transcoder.go:229.2,230.9 2 1
github.com/innovative-io/io-dicom/transcoder/transcoder.go:231.63,232.49 1 1
github.com/innovative-io/io-dicom/transcoder/transcoder.go:232.49,235.4 2 1
github.com/innovative-io/io-dicom/transcoder/transcoder.go:236.63,237.25 1 1
github.com/innovative-io/io-dicom/transcoder/transcoder.go:238.51,239.49 1 0
github.com/innovative-io/io-dicom/transcoder/transcoder.go:239.49,246.4 6 0
github.com/innovative-io/io-dicom/transcoder/transcoder.go:247.46,248.49 1 1
github.com/innovative-io/io-dicom/transcoder/transcoder.go:248.49,252.4 3 1
github.com/innovative-io/io-dicom/transcoder/transcoder.go:253.10,254.51 1 1
github.com/innovative-io/io-dicom/transcoder/transcoder.go:257.2,257.12 1 1
github.com/innovative-io/io-dicom/uuids/uuids.go:10.33,14.2 3 1
github.com/innovative-io/io-dicom/uuids/uuids.go:16.88,21.19 4 1
github.com/innovative-io/io-dicom/uuids/uuids.go:21.19,23.3 1 0
github.com/innovative-io/io-dicom/uuids/uuids.go:24.2,24.12 1 1
github.com/innovative-io/io-dicom/uuids/uuids.go:27.83,30.2 2 1
github.com/innovative-io/io-dicom/uuids/uuids.go:32.66,34.2 1 1
github.com/innovative-io/io-dicom/services/scp.go:54.27,60.2 2 1
github.com/innovative-io/io-dicom/services/scp.go:62.48,65.16 3 1
github.com/innovative-io/io-dicom/services/scp.go:65.16,67.3 1 0
github.com/innovative-io/io-dicom/services/scp.go:70.2,70.12 1 1
github.com/innovative-io/io-dicom/services/scp.go:70.12,73.3 2 1
github.com/innovative-io/io-dicom/services/scp.go:75.2,75.6 1 1
github.com/innovative-io/io-dicom/services/scp.go:75.6,77.17 2 1
github.com/innovative-io/io-dicom/services/scp.go:77.17,78.37 1 1
github.com/innovative-io/io-dicom/services/scp.go:78.37,80.5 1 1
github.com/innovative-io/io-dicom/services/scp.go:81.4,82.14 2 0
github.com/innovative-io/io-dicom/services/scp.go:84.3,86.23 3 1
github.com/innovative-io/io-dicom/services/scp.go:86.23,89.4 2 1
github.com/innovative-io/io-dicom/services/scp.go:93.28,94.23 1 1
github.com/innovative-io/io-dicom/services/scp.go:94.23,96.3 1 0
github.com/innovative-io/io-dicom/services/scp.go:97.2,99.12 3 1
github.com/innovative-io/io-dicom/services/scp.go:102.47,115.25 8 1
github.com/innovative-io/io-dicom/services/scp.go:115.25,117.3 1 1
github.com/innovative-io/io-dicom/services/scp.go:119.2,121.6 2 1
github.com/innovative-io/io-dicom/services/scp.go:121.6,123.17 2 1
github.com/innovative-io/io-dicom/services/scp.go:123.17,124.105 1 1
github.com/innovative-io/io-dicom/services/scp.go:124.105,126.5 1 1
github.com/innovative-io/io-dicom/services/scp.go:127.4,127.10 1 1
github.com/innovative-io/io-dicom/services/scp.go:129.3,129.17 1 1
github.com/innovative-io/io-dicom/services/scp.go:129.17,130.12 1 1
github.com/innovative-io/io-dicom/services/scp.go:132.3,133.18 2 1
github.com/innovative-io/io-dicom/services/scp.go:134.35,136.18 2 1
github.com/innovative-io/io-dicom/services/scp.go:136.18,139.5 2 0
github.com/innovative-io/io-dicom/services/scp.go:141.4,145.27 4 1
github.com/innovative-io/io-dicom/services/scp.go:145.27,147.94 2 0
github.com/innovative-io/io-dicom/services/scp.go:147.94,150.6 2 0
github.com/innovative-io/io-dicom/services/scp.go:151.5,151.13 1 0
github.com/innovative-io/io-dicom/services/scp.go:154.4,155.65 2 1
github.com/innovative-io/io-dicom/services/scp.go:155.65,158.5 2 0
github.com/innovative-io/io-dicom/services/scp.go:160.34,162.18 2 1
github.com/innovative-io/io-dicom/services/scp.go:162.18,165.5 2 0
github.com/innovative-io/io-dicom/services/scp.go:167.4,171.26 4 1
github.com/innovative-io/io-dicom/services/scp.go:171.26,173.117 2 0
github.com/innovative-io/io-dicom/services/scp.go:173.117,176.6 2 0
github.com/innovative-io/io-dicom/services/scp.go:177.5,177.13 1 0
github.com/innovative-io/io-dicom/services/scp.go:180.4,183.35 3 1
github.com/innovative-io/io-dicom/services/scp.go:183.35,184.86 1 0
github.com/innovative-io/io-dicom/services/scp.go:184.86,187.6 2 0
github.com/innovative-io/io-dicom/services/scp.go:190.4,190.88 1 1
github.com/innovative-io/io-dicom/services/scp.go:190.88,193.5 2 0
github.com/innovative-io/io-dicom/services/scp.go:195.34,197.18 2 0
github.com/innovative-io/io-dicom/services/scp.go:197.18,200.5 2 0
github.com/innovative-io/io-dicom/services/scp.go:202.4,206.26 4 0
github.com/innovative-io/io-dicom/services/scp.go:206.26,208.99 2 0
github.com/innovative-io/io-dicom/services/scp.go:208.99,211.6 2 0
github.com/innovative-io/io-dicom/services/scp.go:212.5,212.13 1 0
github.com/innovative-io/io-dicom/services/scp.go:215.4,217.70 3 0
github.com/innovative-io/io-dicom/services/scp.go:217.70,220.5 2 0
github.com/innovative-io/io-dicom/services/scp.go:222.34,227.67 4 1
github.com/innovative-io/io-dicom/services/scp.go:227.67,229.13 2 0
github.com/innovative-io/io-dicom/services/scp.go:231.4,231.56 1 1
github.com/innovative-io/io-dicom/services/scp.go:231.56,234.5 2 0
github.com/innovative-io/io-dicom/services/scp.go:236.11,237.75 1 0
github.com/innovative-io/io-dicom/services/scp.go:242.85,246.2 3 1
github.com/innovative-io/io-dicom/services/scp.go:248.146,252.2 3 1
github.com/innovative-io/io-dicom/services/scp.go:254.123,258.2 3 0
github.com/innovative-io/io-dicom/services/scp.go:260.106,264.2 3 1
github.com/innovative-io/io-dicom/services/scp.go:266.79,270.2 3 0
github.com/innovative-io/io-dicom/services/scu.go:34.51,38.2 1 1
github.com/innovative-io/io-dicom/services/scu.go:40.42,42.95 2 1
github.com/innovative-io/io-dicom/services/scu.go:42.95,44.3 1 1
github.com/innovative-io/io-dicom/services/scu.go:45.2,46.48 2 1
github.com/innovative-io/io-dicom/services/scu.go:46.48,48.3 1 0
github.com/innovative-io/io-dicom/services/scu.go:49.2,49.32 1 1
github.com/innovative-io/io-dicom/services/scu.go:52.82,57.125 4 1
github.com/innovative-io/io-dicom/services/scu.go:57.125,59.3 1 0
github.com/innovative-io/io-dicom/services/scu.go:60.2,62.55 2 1
github.com/innovative-io/io-dicom/services/scu.go:62.55,64.3 1 0
github.com/innovative-io/io-dicom/services/scu.go:66.2,66.6 1 1
github.com/innovative-io/io-dicom/services/scu.go:66.6,69.17 3 1
github.com/innovative-io/io-dicom/services/scu.go:69.17,71.4 1 0
github.com/innovative-io/io-dicom/services/scu.go:72.3,72.81 1 1
github.com/innovative-io/io-dicom/services/scu.go:72.81,74.30 2 0
github.com/innovative-io/io-dicom/services/scu.go:74.30,76.5 1 0
github.com/innovative-io/io-dicom/services/scu.go:77.4,77.12 1 0
github.com/innovative-io/io-dicom/services/scu.go:80.3,80.8 1 1
github.com/innovative-io/io-dicom/services/scu.go:83.2,83.29 1 1
github.com/innovative-io/io-dicom/services/scu.go:86.93,90.125 3 0
github.com/innovative-io/io-dicom/services/scu.go:90.125,92.3 1 0
github.com/innovative-io/io-dicom/services/scu.go:93.2,95.64 2 0
github.com/innovative-io/io-dicom/services/scu.go:95.64,97.3 1 0
github.com/innovative-io/io-dicom/services/scu.go:99.2,99.6 1 0
github.com/innovative-io/io-dicom/services/scu.go:99.6,101.17 2 0
github.com/innovative-io/io-dicom/services/scu.go:101.17,103.4 1 0
github.com/innovative-io/io-dicom/services/scu.go:104.3,104.81 1 0
github.com/innovative-io/io-dicom/services/scu.go:104.81,105.30 1 0
github.com/innovative-io/io-dicom/services/scu.go:105.30,107.5 1 0
github.com/innovative-io/io-dicom/services/scu.go:108.4,108.12 1 0
github.com/innovative-io/io-dicom/services/scu.go:110.3,110.21 1 0
github.com/innovative-io/io-dicom/services/scu.go:114.60,116.16 2 1
github.com/innovative-io/io-dicom/services/scu.go:116.16,118.3 1 0
github.com/innovative-io/io-dicom/services/scu.go:120.2,121.23 2 1
github.com/innovative-io/io-dicom/services/scu.go:121.23,123.3 1 0
github.com/innovative-io/io-dicom/services/scu.go:125.2,126.108 2 1
github.com/innovative-io/io-dicom/services/scu.go:126.108,128.3 1 0
github.com/innovative-io/io-dicom/services/scu.go:129.2,131.49 2 1
github.com/innovative-io/io-dicom/services/scu.go:131.49,133.3 1 0
github.com/innovative-io/io-dicom/services/scu.go:135.2,136.16 2 1
github.com/innovative-io/io-dicom/services/scu.go:136.16,138.3 1 0
github.com/innovative-io/io-dicom/services/scu.go:139.2,139.35 1 1
github.com/innovative-io/io-dicom/services/scu.go:139.35,141.3 1 0
github.com/innovative-io/io-dicom/services/scu.go:142.2,142.12 1 1
github.com/innovative-io/io-dicom/services/scu.go:145.66,147.2 1 1
github.com/innovative-io/io-dicom/services/scu.go:149.66,151.2 1 0
github.com/innovative-io/io-dicom/services/scu.go:153.124,161.38 7 1
github.com/innovative-io/io-dicom/services/scu.go:161.38,163.3 1 1
github.com/innovative-io/io-dicom/services/scu.go:164.2,167.78 3 1
github.com/innovative-io/io-dicom/services/scu.go:170.81,172.15 2 1
github.com/innovative-io/io-dicom/services/scu.go:172.15,174.3 1 0
github.com/innovative-io/io-dicom/services/scu.go:176.2,177.23 2 1
github.com/innovative-io/io-dicom/services/scu.go:177.23,179.3 1 0
github.com/innovative-io/io-dicom/services/scu.go:182.2,182.51 1 1
github.com/innovative-io/io-dicom/services/scu.go:182.51,184.25 2 0
github.com/innovative-io/io-dicom/services/scu.go:185.50,187.27 2 0
github.com/innovative-io/io-dicom/services/scu.go:188.47,190.26 2 0
github.com/innovative-io/io-dicom/services/scu.go:191.11,193.27 2 0
github.com/innovative-io/io-dicom/services/scu.go:197.2,197.38 1 1
